#
# There is insufficient memory for the Java Runtime Environment to continue.
# Native memory allocation (malloc) failed to allocate 1166256 bytes. Error detail: Chunk::new
# Possible reasons:
#   The system is out of physical RAM or swap space
#   This process is running with CompressedOops enabled, and the Java Heap may be blocking the growth of the native heap
# Possible solutions:
#   Reduce memory load on the system
#   Increase physical memory or swap space
#   Check if swap backing store is full
#   Decrease Java heap size (-Xmx/-Xms)
#   Decrease number of Java threads
#   Decrease Java thread stack sizes (-Xss)
#   Set larger code cache with -XX:ReservedCodeCacheSize=
#   JVM is running with Unscaled Compressed Oops mode in which the Java heap is
#     placed in the first 4GB address space. The Java Heap base address is the
#     maximum limit for the native heap growth. Please use -XX:HeapBaseMinAddress
#     to set the Java Heap base and to place the Java Heap above 4GB virtual address.
# This output file may be truncated or incomplete.
#
#  Out of Memory Error (arena.cpp:168), pid=14112, tid=360
#
# JRE version: OpenJDK Runtime Environment Temurin-21.0.9+10 (21.0.9+10) (build 21.0.9+10-LTS)
# Java VM: OpenJDK 64-Bit Server VM Temurin-21.0.9+10 (21.0.9+10-LTS, mixed mode, sharing, tiered, compressed oops, compressed class ptrs, parallel gc, windows-amd64)
# No core dump will be written. Minidumps are not enabled by default on client versions of Windows
#

---------------  S U M M A R Y ------------

Command Line: --add-modules=ALL-SYSTEM --add-opens=java.base/java.util=ALL-UNNAMED --add-opens=java.base/java.lang=ALL-UNNAMED --add-opens=java.base/sun.nio.fs=ALL-UNNAMED -Declipse.application=org.eclipse.jdt.ls.core.id1 -Dosgi.bundles.defaultStartLevel=4 -Declipse.product=org.eclipse.jdt.ls.core.product -Djava.import.generatesMetadataFilesAtProjectRoot=false -DDetectVMInstallationsJob.disabled=true -Dfile.encoding=utf8 -XX:+UseParallelGC -XX:GCTimeRatio=4 -XX:AdaptiveSizePolicyWeight=90 -Dsun.zip.disableMemoryMapping=true -Xmx2G -Xms100m -Xlog:disable -javaagent:c:\Users\Juan\.vscode\extensions\redhat.java-1.50.0-win32-x64\lombok\lombok-1.18.39-4050.jar c:\Users\Juan\.vscode\extensions\redhat.java-1.50.0-win32-x64\server\plugins\org.eclipse.equinox.launcher_1.7.100.v20251111-0406.jar -configuration c:\Users\Juan\AppData\Roaming\Code\User\globalStorage\redhat.java\1.50.0\config_ss_win -data c:\Users\Juan\AppData\Roaming\Code\User\workspaceStorage\6a1a4c3ce460ec6c05d99383db64977c\redhat.java\ss_ws --pipe=\\.\pipe\lsp-deddcce584a56146d03cfe16f4d1b143-sock

Host: Intel(R) Core(TM) i5-1035G1 CPU @ 1.00GHz, 8 cores, 15G,  Windows 11 , 64 bit Build 26100 (10.0.26100.7309)
Time: Sat Dec 27 17:18:30 2025 Hora est. Pacífico, Sudamérica elapsed time: 45.043736 seconds (0d 0h 0m 45s)

---------------  T H R E A D  ---------------

Current thread (0x0000016e5d617e50):  JavaThread "C2 CompilerThread0" daemon [_thread_in_native, id=360, stack(0x0000005cbbd00000,0x0000005cbbe00000) (1024K)]


Current CompileTask:
C2:45044 3290       4       org.eclipse.debug.internal.core.LaunchManager$ResourceProxyVisitor::visit (68 bytes)

Stack: [0x0000005cbbd00000,0x0000005cbbe00000]
Native frames: (J=compiled Java code, j=interpreted, Vv=VM code, C=native code)
V  [jvm.dll+0x6d6e29]
V  [jvm.dll+0x8b4b76]
V  [jvm.dll+0x8b712e]
V  [jvm.dll+0x8b7813]
V  [jvm.dll+0x283d86]
V  [jvm.dll+0xc66ed]
V  [jvm.dll+0xc6c31]
V  [jvm.dll+0x3be501]
V  [jvm.dll+0x1e3b52]
V  [jvm.dll+0x24c0f3]
V  [jvm.dll+0x24b580]
V  [jvm.dll+0x1cb13e]
V  [jvm.dll+0x25b29d]
V  [jvm.dll+0x25982a]
V  [jvm.dll+0x3f7ea6]
V  [jvm.dll+0x85e9ad]
V  [jvm.dll+0x6d565d]
C  [ucrtbase.dll+0x37b0]
C  [KERNEL32.DLL+0x2e8d7]
C  [ntdll.dll+0x8c53c]


---------------  P R O C E S S  ---------------

Threads class SMR info:
_java_thread_list=0x0000016e7b1ac140, length=32, elements={
0x0000016e5d69b680, 0x0000016e5d60cd40, 0x0000016e5d6106b0, 0x0000016e5d6130d0,
0x0000016e5d618680, 0x0000016e5d619200, 0x0000016e5d616ca0, 0x0000016e5d617e50,
0x0000016e758f8120, 0x0000016e75ae0c20, 0x0000016e75bafbd0, 0x0000016e75c52270,
0x0000016e7a8774f0, 0x0000016e5d647130, 0x0000016e7a3a30b0, 0x0000016e7a4d4960,
0x0000016e75c7c5d0, 0x0000016e7aab6f50, 0x0000016e75c3b1a0, 0x0000016e7af270e0,
0x0000016e7bc4aa90, 0x0000016e7bc489c0, 0x0000016e7bc4b7b0, 0x0000016e7bc4be40,
0x0000016e7bc49050, 0x0000016e7bc4a400, 0x0000016e7bc496e0, 0x0000016e7bc49d70,
0x0000016e7bc4b120, 0x0000016e7cfc92e0, 0x0000016e7d2345d0, 0x0000016e7cfc7f30
}

Java Threads: ( => current thread )
  0x0000016e5d69b680 JavaThread "main"                              [_thread_in_vm, id=19676, stack(0x0000005cbb300000,0x0000005cbb400000) (1024K)]
  0x0000016e5d60cd40 JavaThread "Reference Handler"          daemon [_thread_blocked, id=24588, stack(0x0000005cbb700000,0x0000005cbb800000) (1024K)]
  0x0000016e5d6106b0 JavaThread "Finalizer"                  daemon [_thread_blocked, id=1644, stack(0x0000005cbb800000,0x0000005cbb900000) (1024K)]
  0x0000016e5d6130d0 JavaThread "Signal Dispatcher"          daemon [_thread_blocked, id=20536, stack(0x0000005cbb900000,0x0000005cbba00000) (1024K)]
  0x0000016e5d618680 JavaThread "Attach Listener"            daemon [_thread_blocked, id=21612, stack(0x0000005cbba00000,0x0000005cbbb00000) (1024K)]
  0x0000016e5d619200 JavaThread "Service Thread"             daemon [_thread_blocked, id=23624, stack(0x0000005cbbb00000,0x0000005cbbc00000) (1024K)]
  0x0000016e5d616ca0 JavaThread "Monitor Deflation Thread"   daemon [_thread_blocked, id=10944, stack(0x0000005cbbc00000,0x0000005cbbd00000) (1024K)]
=>0x0000016e5d617e50 JavaThread "C2 CompilerThread0"         daemon [_thread_in_native, id=360, stack(0x0000005cbbd00000,0x0000005cbbe00000) (1024K)]
  0x0000016e758f8120 JavaThread "C1 CompilerThread0"         daemon [_thread_blocked, id=20808, stack(0x0000005cbbe00000,0x0000005cbbf00000) (1024K)]
  0x0000016e75ae0c20 JavaThread "Common-Cleaner"             daemon [_thread_blocked, id=19416, stack(0x0000005cbc000000,0x0000005cbc100000) (1024K)]
  0x0000016e75bafbd0 JavaThread "Notification Thread"        daemon [_thread_blocked, id=19776, stack(0x0000005cbbf00000,0x0000005cbc000000) (1024K)]
  0x0000016e75c52270 JavaThread "Active Thread: Equinox Container: b5299874-21b2-4221-a996-5ea951002540"        [_thread_blocked, id=3696, stack(0x0000005cbc800000,0x0000005cbc900000) (1024K)]
  0x0000016e7a8774f0 JavaThread "Framework Event Dispatcher: Equinox Container: b5299874-21b2-4221-a996-5ea951002540" daemon [_thread_blocked, id=10524, stack(0x0000005cbc100000,0x0000005cbc200000) (1024K)]
  0x0000016e5d647130 JavaThread "Start Level: Equinox Container: b5299874-21b2-4221-a996-5ea951002540" daemon [_thread_blocked, id=22912, stack(0x0000005cbc900000,0x0000005cbca00000) (1024K)]
  0x0000016e7a3a30b0 JavaThread "SCR Component Actor"        daemon [_thread_blocked, id=14332, stack(0x0000005cbcb00000,0x0000005cbcc00000) (1024K)]
  0x0000016e7a4d4960 JavaThread "Worker-JM"                         [_thread_blocked, id=20068, stack(0x0000005cbcc00000,0x0000005cbcd00000) (1024K)]
  0x0000016e75c7c5d0 JavaThread "JNA Cleaner"                daemon [_thread_blocked, id=848, stack(0x0000005cbcd00000,0x0000005cbce00000) (1024K)]
  0x0000016e7aab6f50 JavaThread "Worker-0: Initialize After Load"        [_thread_blocked, id=20984, stack(0x0000005cbce00000,0x0000005cbcf00000) (1024K)]
  0x0000016e75c3b1a0 JavaThread "Worker-1"                          [_thread_blocked, id=18572, stack(0x0000005cbcf00000,0x0000005cbd000000) (1024K)]
  0x0000016e7af270e0 JavaThread "C2 CompilerThread1"         daemon [_thread_in_native, id=14276, stack(0x0000005cbd000000,0x0000005cbd100000) (1024K)]
  0x0000016e7bc4aa90 JavaThread "Thread-1"                   daemon [_thread_in_native, id=13180, stack(0x0000005cbd300000,0x0000005cbd400000) (1024K)]
  0x0000016e7bc489c0 JavaThread "Thread-2"                   daemon [_thread_in_native, id=15348, stack(0x0000005cbd400000,0x0000005cbd500000) (1024K)]
  0x0000016e7bc4b7b0 JavaThread "Thread-3"                   daemon [_thread_in_native, id=21292, stack(0x0000005cbd500000,0x0000005cbd600000) (1024K)]
  0x0000016e7bc4be40 JavaThread "Thread-4"                   daemon [_thread_in_native, id=4880, stack(0x0000005cbd600000,0x0000005cbd700000) (1024K)]
  0x0000016e7bc49050 JavaThread "Thread-5"                   daemon [_thread_in_native, id=24992, stack(0x0000005cbd700000,0x0000005cbd800000) (1024K)]
  0x0000016e7bc4a400 JavaThread "Thread-6"                   daemon [_thread_in_native, id=22392, stack(0x0000005cbd800000,0x0000005cbd900000) (1024K)]
  0x0000016e7bc496e0 JavaThread "Thread-7"                   daemon [_thread_in_native, id=23248, stack(0x0000005cbd900000,0x0000005cbda00000) (1024K)]
  0x0000016e7bc49d70 JavaThread "Thread-8"                   daemon [_thread_in_native, id=21356, stack(0x0000005cbda00000,0x0000005cbdb00000) (1024K)]
  0x0000016e7bc4b120 JavaThread "Thread-9"                   daemon [_thread_in_native, id=3232, stack(0x0000005cbdb00000,0x0000005cbdc00000) (1024K)]
  0x0000016e7cfc92e0 JavaThread "pool-2-thread-1"                   [_thread_blocked, id=18808, stack(0x0000005cbdc00000,0x0000005cbdd00000) (1024K)]
  0x0000016e7d2345d0 JavaThread "C2 CompilerThread2"         daemon [_thread_blocked, id=3364, stack(0x0000005cbdd00000,0x0000005cbde00000) (1024K)]
  0x0000016e7cfc7f30 JavaThread "Worker-2"                          [_thread_in_vm, id=15772, stack(0x0000005cbde00000,0x0000005cbdf00000) (1024K)]
Total: 32

Other Threads:
  0x0000016e5d75e600 VMThread "VM Thread"                           [id=22120, stack(0x0000005cbb600000,0x0000005cbb700000) (1024K)]
  0x0000016e5d707340 WatcherThread "VM Periodic Task Thread"        [id=9544, stack(0x0000005cbb500000,0x0000005cbb600000) (1024K)]
  0x0000016e5d6b9e70 WorkerThread "GC Thread#0"                     [id=13816, stack(0x0000005cbb400000,0x0000005cbb500000) (1024K)]
  0x0000016e75c17ba0 WorkerThread "GC Thread#1"                     [id=17164, stack(0x0000005cbc200000,0x0000005cbc300000) (1024K)]
  0x0000016e7a902010 WorkerThread "GC Thread#2"                     [id=22420, stack(0x0000005cbc300000,0x0000005cbc400000) (1024K)]
  0x0000016e7a442570 WorkerThread "GC Thread#3"                     [id=18588, stack(0x0000005cbc400000,0x0000005cbc500000) (1024K)]
  0x0000016e7a442910 WorkerThread "GC Thread#4"                     [id=25312, stack(0x0000005cbc500000,0x0000005cbc600000) (1024K)]
  0x0000016e7a442cb0 WorkerThread "GC Thread#5"                     [id=12024, stack(0x0000005cbc600000,0x0000005cbc700000) (1024K)]
  0x0000016e7a7ea700 WorkerThread "GC Thread#6"                     [id=25388, stack(0x0000005cbc700000,0x0000005cbc800000) (1024K)]
  0x0000016e7a7df9f0 WorkerThread "GC Thread#7"                     [id=24908, stack(0x0000005cbca00000,0x0000005cbcb00000) (1024K)]
Total: 10

Threads with active compile tasks:
C2 CompilerThread0  45097 3290       4       org.eclipse.debug.internal.core.LaunchManager$ResourceProxyVisitor::visit (68 bytes)
C2 CompilerThread1  45097 3456       4       java.lang.Class::getPackageName (81 bytes)
Total: 2

VM state: not at safepoint (normal execution)

VM Mutex/Monitor currently owned by a thread:  ([mutex/lock_event])
[0x00007ffe5cb2b4f0] Metaspace_lock - owner thread: 0x0000016e5d69b680
[0x00007ffe5cb2d2f0] ThreadsLockThrottle_lock - owner thread: 0x0000016e7cfc7f30
[0x00007ffe5cb2d570] Threads_lock - owner thread: 0x0000016e7cfc7f30

Heap address: 0x0000000080000000, size: 2048 MB, Compressed Oops mode: 32-bit

CDS archive(s) mapped at: [0x0000016e00000000-0x0000016e00ba0000-0x0000016e00ba0000), size 12189696, SharedBaseAddress: 0x0000016e00000000, ArchiveRelocationMode: 1.
Compressed class space mapped at: 0x0000016e01000000-0x0000016e41000000, reserved size: 1073741824
Narrow klass base: 0x0000016e00000000, Narrow klass shift: 0, Narrow klass range: 0x100000000

GC Precious Log:
 CardTable entry size: 512
 CPUs: 8 total, 8 available
 Memory: 16165M
 Large Page Support: Disabled
 NUMA Support: Disabled
 Compressed Oops: Enabled (32-bit)
 Alignments: Space 512K, Generation 512K, Heap 2M
 Heap Min Capacity: 100M
 Heap Initial Capacity: 100M
 Heap Max Capacity: 2G
 Pre-touch: Disabled
 Parallel Workers: 8

Heap:
 PSYoungGen      total 26624K, used 25679K [0x00000000d5580000, 0x00000000d7300000, 0x0000000100000000)
  eden space 23552K, 96% used [0x00000000d5580000,0x00000000d6bbca60,0x00000000d6c80000)
  from space 3072K, 94% used [0x00000000d6f80000,0x00000000d7257508,0x00000000d7280000)
  to   space 512K, 0% used [0x00000000d7280000,0x00000000d7280000,0x00000000d7300000)
 ParOldGen       total 68608K, used 16405K [0x0000000080000000, 0x0000000084300000, 0x00000000d5580000)
  object space 68608K, 23% used [0x0000000080000000,0x0000000081005660,0x0000000084300000)
 Metaspace       used 28814K, committed 29696K, reserved 1114112K
  class space    used 2878K, committed 3264K, reserved 1048576K

Card table byte_map: [0x0000016e5d040000,0x0000016e5d450000] _byte_map_base: 0x0000016e5cc40000

Marking Bits: (ParMarkBitMap*) 0x00007ffe5cb32460
 Begin Bits: [0x0000016e6fb50000, 0x0000016e71b50000)
 End Bits:   [0x0000016e71b50000, 0x0000016e73b50000)

Polling page: 0x0000016e5b470000

Metaspace:

Usage:
  Non-class:     25.33 MB used.
      Class:      2.81 MB used.
       Both:     28.14 MB used.

Virtual space:
  Non-class space:       64.00 MB reserved,      25.81 MB ( 40%) committed,  1 nodes.
      Class space:        1.00 GB reserved,       3.19 MB ( <1%) committed,  1 nodes.
             Both:        1.06 GB reserved,      29.00 MB (  3%) committed. 

Chunk freelists:
   Non-Class:  6.11 MB
       Class:  12.85 MB
        Both:  18.96 MB

MaxMetaspaceSize: unlimited
CompressedClassSpaceSize: 1.00 GB
Initial GC threshold: 21.00 MB
Current GC threshold: 35.00 MB
CDS: on
 - commit_granule_bytes: 65536.
 - commit_granule_words: 8192.
 - virtual_space_node_default_size: 8388608.
 - enlarge_chunks_in_place: 1.
 - use_allocation_guard: 0.


Internal statistics:

num_allocs_failed_limit: 3.
num_arena_births: 564.
num_arena_deaths: 14.
num_vsnodes_births: 2.
num_vsnodes_deaths: 0.
num_space_committed: 464.
num_space_uncommitted: 0.
num_chunks_returned_to_freelist: 17.
num_chunks_taken_from_freelist: 1695.
num_chunk_merges: 9.
num_chunk_splits: 1096.
num_chunks_enlarged: 694.
num_inconsistent_stats: 0.

CodeHeap 'non-profiled nmethods': size=120000Kb used=1908Kb max_used=1908Kb free=118091Kb
 bounds [0x0000016e68370000, 0x0000016e685e0000, 0x0000016e6f8a0000]
CodeHeap 'profiled nmethods': size=120000Kb used=6803Kb max_used=6803Kb free=113197Kb
 bounds [0x0000016e608a0000, 0x0000016e60f50000, 0x0000016e67dd0000]
CodeHeap 'non-nmethods': size=5760Kb used=1350Kb max_used=1406Kb free=4409Kb
 bounds [0x0000016e67dd0000, 0x0000016e68040000, 0x0000016e68370000]
CodeCache: size=245760Kb, used=10061Kb, max_used=10117Kb, free=235697Kb
 total_blobs=4103, nmethods=3472, adapters=537, full_count=0
Compilation: enabled, stopped_count=0, restarted_count=0

Compilation events (20 events):
Event: 44.011 Thread 0x0000016e758f8120 nmethod 3454 0x0000016e60f3a610 code [0x0000016e60f3a920, 0x0000016e60f3bd78]
Event: 44.011 Thread 0x0000016e758f8120 3455       3       org.eclipse.lsp4j.jsonrpc.services.AnnotationUtil::isDelegateMethod (59 bytes)
Event: 44.012 Thread 0x0000016e758f8120 nmethod 3455 0x0000016e60f3c310 code [0x0000016e60f3c5c0, 0x0000016e60f3d228]
Event: 44.015 Thread 0x0000016e758f8120 3458       3       org.eclipse.core.internal.registry.ConfigurationElement::getAttributeAsIs (62 bytes)
Event: 44.016 Thread 0x0000016e758f8120 nmethod 3458 0x0000016e60f3d610 code [0x0000016e60f3d800, 0x0000016e60f3db80]
Event: 44.016 Thread 0x0000016e758f8120 3457       3       org.eclipse.core.internal.registry.ConfigurationElement::getAttribute (6 bytes)
Event: 44.016 Thread 0x0000016e758f8120 nmethod 3457 0x0000016e60f3dd90 code [0x0000016e60f3df40, 0x0000016e60f3e098]
Event: 44.016 Thread 0x0000016e758f8120 3459       3       org.eclipse.core.internal.registry.ConfigurationElementHandle::getAttribute (9 bytes)
Event: 44.017 Thread 0x0000016e758f8120 nmethod 3459 0x0000016e60f3e190 code [0x0000016e60f3e380, 0x0000016e60f3e988]
Event: 44.018 Thread 0x0000016e758f8120 3460       1       java.util.logging.LogManager$LoggerContext::getOwner (5 bytes)
Event: 44.018 Thread 0x0000016e758f8120 nmethod 3460 0x0000016e68545c90 code [0x0000016e68545e20, 0x0000016e68545ee8]
Event: 44.023 Thread 0x0000016e758f8120 3462       3       java.lang.invoke.Invokers$Holder::invokeExact_MT (32 bytes)
Event: 44.024 Thread 0x0000016e758f8120 nmethod 3462 0x0000016e60f3eb90 code [0x0000016e60f3eda0, 0x0000016e60f3f6a0]
Event: 44.024 Thread 0x0000016e758f8120 3463       3       java.lang.invoke.LambdaMetafactory::metafactory (71 bytes)
Event: 44.027 Thread 0x0000016e758f8120 nmethod 3463 0x0000016e60f3f910 code [0x0000016e60f3fba0, 0x0000016e60f40698]
Event: 44.028 Thread 0x0000016e758f8120 3464       3       java.lang.reflect.AccessibleObject::checkPermission (16 bytes)
Event: 44.028 Thread 0x0000016e758f8120 nmethod 3464 0x0000016e60f40b90 code [0x0000016e60f40d40, 0x0000016e60f40f10]
Event: 44.028 Thread 0x0000016e758f8120 3465       3       java.lang.reflect.AccessibleObject::checkCanSetAccessible (9 bytes)
Event: 44.029 Thread 0x0000016e758f8120 nmethod 3465 0x0000016e60f41010 code [0x0000016e60f411c0, 0x0000016e60f41300]
Event: 44.029 Thread 0x0000016e758f8120 3466       3       java.lang.reflect.AccessibleObject::checkCanSetAccessible (195 bytes)

GC Heap History (20 events):
Event: 1.797 GC heap before
{Heap before GC invocations=1 (full 0):
 PSYoungGen      total 29696K, used 25600K [0x00000000d5580000, 0x00000000d7680000, 0x0000000100000000)
  eden space 25600K, 100% used [0x00000000d5580000,0x00000000d6e80000,0x00000000d6e80000)
  from space 4096K, 0% used [0x00000000d7280000,0x00000000d7280000,0x00000000d7680000)
  to   space 4096K, 0% used [0x00000000d6e80000,0x00000000d6e80000,0x00000000d7280000)
 ParOldGen       total 68608K, used 0K [0x0000000080000000, 0x0000000084300000, 0x00000000d5580000)
  object space 68608K, 0% used [0x0000000080000000,0x0000000080000000,0x0000000084300000)
 Metaspace       used 4361K, committed 4608K, reserved 1114112K
  class space    used 473K, committed 576K, reserved 1048576K
}
Event: 1.807 GC heap after
{Heap after GC invocations=1 (full 0):
 PSYoungGen      total 29696K, used 3312K [0x00000000d5580000, 0x00000000d7680000, 0x0000000100000000)
  eden space 25600K, 0% used [0x00000000d5580000,0x00000000d5580000,0x00000000d6e80000)
  from space 4096K, 80% used [0x00000000d6e80000,0x00000000d71bc148,0x00000000d7280000)
  to   space 4096K, 0% used [0x00000000d7280000,0x00000000d7280000,0x00000000d7680000)
 ParOldGen       total 68608K, used 8K [0x0000000080000000, 0x0000000084300000, 0x00000000d5580000)
  object space 68608K, 0% used [0x0000000080000000,0x0000000080002000,0x0000000084300000)
 Metaspace       used 4361K, committed 4608K, reserved 1114112K
  class space    used 473K, committed 576K, reserved 1048576K
}
Event: 21.548 GC heap before
{Heap before GC invocations=2 (full 0):
 PSYoungGen      total 29696K, used 28912K [0x00000000d5580000, 0x00000000d7680000, 0x0000000100000000)
  eden space 25600K, 100% used [0x00000000d5580000,0x00000000d6e80000,0x00000000d6e80000)
  from space 4096K, 80% used [0x00000000d6e80000,0x00000000d71bc148,0x00000000d7280000)
  to   space 4096K, 0% used [0x00000000d7280000,0x00000000d7280000,0x00000000d7680000)
 ParOldGen       total 68608K, used 8K [0x0000000080000000, 0x0000000084300000, 0x00000000d5580000)
  object space 68608K, 0% used [0x0000000080000000,0x0000000080002000,0x0000000084300000)
 Metaspace       used 8328K, committed 8640K, reserved 1114112K
  class space    used 886K, committed 1024K, reserved 1048576K
}
Event: 21.558 GC heap after
{Heap after GC invocations=2 (full 0):
 PSYoungGen      total 29696K, used 4075K [0x00000000d5580000, 0x00000000d7680000, 0x0000000100000000)
  eden space 25600K, 0% used [0x00000000d5580000,0x00000000d5580000,0x00000000d6e80000)
  from space 4096K, 99% used [0x00000000d7280000,0x00000000d767aff8,0x00000000d7680000)
  to   space 4096K, 0% used [0x00000000d6e80000,0x00000000d6e80000,0x00000000d7280000)
 ParOldGen       total 68608K, used 925K [0x0000000080000000, 0x0000000084300000, 0x00000000d5580000)
  object space 68608K, 1% used [0x0000000080000000,0x00000000800e76b8,0x0000000084300000)
 Metaspace       used 8328K, committed 8640K, reserved 1114112K
  class space    used 886K, committed 1024K, reserved 1048576K
}
Event: 25.484 GC heap before
{Heap before GC invocations=3 (full 0):
 PSYoungGen      total 29696K, used 29675K [0x00000000d5580000, 0x00000000d7680000, 0x0000000100000000)
  eden space 25600K, 100% used [0x00000000d5580000,0x00000000d6e80000,0x00000000d6e80000)
  from space 4096K, 99% used [0x00000000d7280000,0x00000000d767aff8,0x00000000d7680000)
  to   space 4096K, 0% used [0x00000000d6e80000,0x00000000d6e80000,0x00000000d7280000)
 ParOldGen       total 68608K, used 925K [0x0000000080000000, 0x0000000084300000, 0x00000000d5580000)
  object space 68608K, 1% used [0x0000000080000000,0x00000000800e76b8,0x0000000084300000)
 Metaspace       used 13097K, committed 13632K, reserved 1114112K
  class space    used 1386K, committed 1600K, reserved 1048576K
}
Event: 25.494 GC heap after
{Heap after GC invocations=3 (full 0):
 PSYoungGen      total 29696K, used 4064K [0x00000000d5580000, 0x00000000d7680000, 0x0000000100000000)
  eden space 25600K, 0% used [0x00000000d5580000,0x00000000d5580000,0x00000000d6e80000)
  from space 4096K, 99% used [0x00000000d6e80000,0x00000000d72782c8,0x00000000d7280000)
  to   space 4096K, 0% used [0x00000000d7280000,0x00000000d7280000,0x00000000d7680000)
 ParOldGen       total 68608K, used 2889K [0x0000000080000000, 0x0000000084300000, 0x00000000d5580000)
  object space 68608K, 4% used [0x0000000080000000,0x00000000802d2438,0x0000000084300000)
 Metaspace       used 13097K, committed 13632K, reserved 1114112K
  class space    used 1386K, committed 1600K, reserved 1048576K
}
Event: 38.129 GC heap before
{Heap before GC invocations=4 (full 0):
 PSYoungGen      total 29696K, used 29664K [0x00000000d5580000, 0x00000000d7680000, 0x0000000100000000)
  eden space 25600K, 100% used [0x00000000d5580000,0x00000000d6e80000,0x00000000d6e80000)
  from space 4096K, 99% used [0x00000000d6e80000,0x00000000d72782c8,0x00000000d7280000)
  to   space 4096K, 0% used [0x00000000d7280000,0x00000000d7280000,0x00000000d7680000)
 ParOldGen       total 68608K, used 2889K [0x0000000080000000, 0x0000000084300000, 0x00000000d5580000)
  object space 68608K, 4% used [0x0000000080000000,0x00000000802d2438,0x0000000084300000)
 Metaspace       used 15638K, committed 16256K, reserved 1114112K
  class space    used 1659K, committed 1920K, reserved 1048576K
}
Event: 38.137 GC heap after
{Heap after GC invocations=4 (full 0):
 PSYoungGen      total 29696K, used 4090K [0x00000000d5580000, 0x00000000d7680000, 0x0000000100000000)
  eden space 25600K, 0% used [0x00000000d5580000,0x00000000d5580000,0x00000000d6e80000)
  from space 4096K, 99% used [0x00000000d7280000,0x00000000d767eb20,0x00000000d7680000)
  to   space 4096K, 0% used [0x00000000d6e80000,0x00000000d6e80000,0x00000000d7280000)
 ParOldGen       total 68608K, used 9984K [0x0000000080000000, 0x0000000084300000, 0x00000000d5580000)
  object space 68608K, 14% used [0x0000000080000000,0x00000000809c0208,0x0000000084300000)
 Metaspace       used 15638K, committed 16256K, reserved 1114112K
  class space    used 1659K, committed 1920K, reserved 1048576K
}
Event: 38.886 GC heap before
{Heap before GC invocations=5 (full 0):
 PSYoungGen      total 29696K, used 29690K [0x00000000d5580000, 0x00000000d7680000, 0x0000000100000000)
  eden space 25600K, 100% used [0x00000000d5580000,0x00000000d6e80000,0x00000000d6e80000)
  from space 4096K, 99% used [0x00000000d7280000,0x00000000d767eb20,0x00000000d7680000)
  to   space 4096K, 0% used [0x00000000d6e80000,0x00000000d6e80000,0x00000000d7280000)
 ParOldGen       total 68608K, used 9984K [0x0000000080000000, 0x0000000084300000, 0x00000000d5580000)
  object space 68608K, 14% used [0x0000000080000000,0x00000000809c0208,0x0000000084300000)
 Metaspace       used 18775K, committed 19456K, reserved 1114112K
  class space    used 1881K, committed 2176K, reserved 1048576K
}
Event: 38.892 GC heap after
{Heap after GC invocations=5 (full 0):
 PSYoungGen      total 29184K, used 4083K [0x00000000d5580000, 0x00000000d7c00000, 0x0000000100000000)
  eden space 25088K, 0% used [0x00000000d5580000,0x00000000d5580000,0x00000000d6e00000)
  from space 4096K, 99% used [0x00000000d6e80000,0x00000000d727cdf0,0x00000000d7280000)
  to   space 7168K, 0% used [0x00000000d7500000,0x00000000d7500000,0x00000000d7c00000)
 ParOldGen       total 68608K, used 10652K [0x0000000080000000, 0x0000000084300000, 0x00000000d5580000)
  object space 68608K, 15% used [0x0000000080000000,0x0000000080a673b0,0x0000000084300000)
 Metaspace       used 18775K, committed 19456K, reserved 1114112K
  class space    used 1881K, committed 2176K, reserved 1048576K
}
Event: 39.264 GC heap before
{Heap before GC invocations=6 (full 0):
 PSYoungGen      total 29184K, used 18238K [0x00000000d5580000, 0x00000000d7c00000, 0x0000000100000000)
  eden space 25088K, 56% used [0x00000000d5580000,0x00000000d6352d80,0x00000000d6e00000)
  from space 4096K, 99% used [0x00000000d6e80000,0x00000000d727cdf0,0x00000000d7280000)
  to   space 7168K, 0% used [0x00000000d7500000,0x00000000d7500000,0x00000000d7c00000)
 ParOldGen       total 68608K, used 10652K [0x0000000080000000, 0x0000000084300000, 0x00000000d5580000)
  object space 68608K, 15% used [0x0000000080000000,0x0000000080a673b0,0x0000000084300000)
 Metaspace       used 20842K, committed 21504K, reserved 1114112K
  class space    used 2056K, committed 2368K, reserved 1048576K
}
Event: 39.269 GC heap after
{Heap after GC invocations=6 (full 0):
 PSYoungGen      total 30208K, used 4640K [0x00000000d5580000, 0x00000000d7a00000, 0x0000000100000000)
  eden space 25088K, 0% used [0x00000000d5580000,0x00000000d5580000,0x00000000d6e00000)
  from space 5120K, 90% used [0x00000000d7500000,0x00000000d79881e8,0x00000000d7a00000)
  to   space 5120K, 0% used [0x00000000d7000000,0x00000000d7000000,0x00000000d7500000)
 ParOldGen       total 68608K, used 10652K [0x0000000080000000, 0x0000000084300000, 0x00000000d5580000)
  object space 68608K, 15% used [0x0000000080000000,0x0000000080a673b0,0x0000000084300000)
 Metaspace       used 20842K, committed 21504K, reserved 1114112K
  class space    used 2056K, committed 2368K, reserved 1048576K
}
Event: 39.269 GC heap before
{Heap before GC invocations=7 (full 1):
 PSYoungGen      total 30208K, used 4640K [0x00000000d5580000, 0x00000000d7a00000, 0x0000000100000000)
  eden space 25088K, 0% used [0x00000000d5580000,0x00000000d5580000,0x00000000d6e00000)
  from space 5120K, 90% used [0x00000000d7500000,0x00000000d79881e8,0x00000000d7a00000)
  to   space 5120K, 0% used [0x00000000d7000000,0x00000000d7000000,0x00000000d7500000)
 ParOldGen       total 68608K, used 10652K [0x0000000080000000, 0x0000000084300000, 0x00000000d5580000)
  object space 68608K, 15% used [0x0000000080000000,0x0000000080a673b0,0x0000000084300000)
 Metaspace       used 20842K, committed 21504K, reserved 1114112K
  class space    used 2056K, committed 2368K, reserved 1048576K
}
Event: 39.310 GC heap after
{Heap after GC invocations=7 (full 1):
 PSYoungGen      total 30208K, used 0K [0x00000000d5580000, 0x00000000d7a00000, 0x0000000100000000)
  eden space 25088K, 0% used [0x00000000d5580000,0x00000000d5580000,0x00000000d6e00000)
  from space 5120K, 0% used [0x00000000d7500000,0x00000000d7500000,0x00000000d7a00000)
  to   space 5120K, 0% used [0x00000000d7000000,0x00000000d7000000,0x00000000d7500000)
 ParOldGen       total 68608K, used 14819K [0x0000000080000000, 0x0000000084300000, 0x00000000d5580000)
  object space 68608K, 21% used [0x0000000080000000,0x0000000080e78c40,0x0000000084300000)
 Metaspace       used 20829K, committed 21504K, reserved 1114112K
  class space    used 2053K, committed 2368K, reserved 1048576K
}
Event: 41.248 GC heap before
{Heap before GC invocations=8 (full 1):
 PSYoungGen      total 30208K, used 25088K [0x00000000d5580000, 0x00000000d7a00000, 0x0000000100000000)
  eden space 25088K, 100% used [0x00000000d5580000,0x00000000d6e00000,0x00000000d6e00000)
  from space 5120K, 0% used [0x00000000d7500000,0x00000000d7500000,0x00000000d7a00000)
  to   space 5120K, 0% used [0x00000000d7000000,0x00000000d7000000,0x00000000d7500000)
 ParOldGen       total 68608K, used 14819K [0x0000000080000000, 0x0000000084300000, 0x00000000d5580000)
  object space 68608K, 21% used [0x0000000080000000,0x0000000080e78c40,0x0000000084300000)
 Metaspace       used 23000K, committed 23744K, reserved 1114112K
  class space    used 2230K, committed 2560K, reserved 1048576K
}
Event: 41.252 GC heap after
{Heap after GC invocations=8 (full 1):
 PSYoungGen      total 27136K, used 2451K [0x00000000d5580000, 0x00000000d7580000, 0x0000000100000000)
  eden space 24576K, 0% used [0x00000000d5580000,0x00000000d5580000,0x00000000d6d80000)
  from space 2560K, 95% used [0x00000000d7000000,0x00000000d7264ed0,0x00000000d7280000)
  to   space 3072K, 0% used [0x00000000d7280000,0x00000000d7280000,0x00000000d7580000)
 ParOldGen       total 68608K, used 14827K [0x0000000080000000, 0x0000000084300000, 0x00000000d5580000)
  object space 68608K, 21% used [0x0000000080000000,0x0000000080e7ac40,0x0000000084300000)
 Metaspace       used 23000K, committed 23744K, reserved 1114112K
  class space    used 2230K, committed 2560K, reserved 1048576K
}
Event: 41.975 GC heap before
{Heap before GC invocations=9 (full 1):
 PSYoungGen      total 27136K, used 27027K [0x00000000d5580000, 0x00000000d7580000, 0x0000000100000000)
  eden space 24576K, 100% used [0x00000000d5580000,0x00000000d6d80000,0x00000000d6d80000)
  from space 2560K, 95% used [0x00000000d7000000,0x00000000d7264ed0,0x00000000d7280000)
  to   space 3072K, 0% used [0x00000000d7280000,0x00000000d7280000,0x00000000d7580000)
 ParOldGen       total 68608K, used 14827K [0x0000000080000000, 0x0000000084300000, 0x00000000d5580000)
  object space 68608K, 21% used [0x0000000080000000,0x0000000080e7ac40,0x0000000084300000)
 Metaspace       used 26414K, committed 27264K, reserved 1114112K
  class space    used 2601K, committed 2944K, reserved 1048576K
}
Event: 41.979 GC heap after
{Heap after GC invocations=9 (full 1):
 PSYoungGen      total 27136K, used 2893K [0x00000000d5580000, 0x00000000d7580000, 0x0000000100000000)
  eden space 24064K, 0% used [0x00000000d5580000,0x00000000d5580000,0x00000000d6d00000)
  from space 3072K, 94% used [0x00000000d7280000,0x00000000d75534f8,0x00000000d7580000)
  to   space 3072K, 0% used [0x00000000d6f80000,0x00000000d6f80000,0x00000000d7280000)
 ParOldGen       total 68608K, used 16397K [0x0000000080000000, 0x0000000084300000, 0x00000000d5580000)
  object space 68608K, 23% used [0x0000000080000000,0x0000000081003660,0x0000000084300000)
 Metaspace       used 26414K, committed 27264K, reserved 1114112K
  class space    used 2601K, committed 2944K, reserved 1048576K
}
Event: 42.132 GC heap before
{Heap before GC invocations=10 (full 1):
 PSYoungGen      total 27136K, used 26957K [0x00000000d5580000, 0x00000000d7580000, 0x0000000100000000)
  eden space 24064K, 100% used [0x00000000d5580000,0x00000000d6d00000,0x00000000d6d00000)
  from space 3072K, 94% used [0x00000000d7280000,0x00000000d75534f8,0x00000000d7580000)
  to   space 3072K, 0% used [0x00000000d6f80000,0x00000000d6f80000,0x00000000d7280000)
 ParOldGen       total 68608K, used 16397K [0x0000000080000000, 0x0000000084300000, 0x00000000d5580000)
  object space 68608K, 23% used [0x0000000080000000,0x0000000081003660,0x0000000084300000)
 Metaspace       used 26570K, committed 27456K, reserved 1114112K
  class space    used 2626K, committed 3008K, reserved 1048576K
}
Event: 42.135 GC heap after
{Heap after GC invocations=10 (full 1):
 PSYoungGen      total 26624K, used 2909K [0x00000000d5580000, 0x00000000d7300000, 0x0000000100000000)
  eden space 23552K, 0% used [0x00000000d5580000,0x00000000d5580000,0x00000000d6c80000)
  from space 3072K, 94% used [0x00000000d6f80000,0x00000000d7257508,0x00000000d7280000)
  to   space 512K, 0% used [0x00000000d7280000,0x00000000d7280000,0x00000000d7300000)
 ParOldGen       total 68608K, used 16405K [0x0000000080000000, 0x0000000084300000, 0x00000000d5580000)
  object space 68608K, 23% used [0x0000000080000000,0x0000000081005660,0x0000000084300000)
 Metaspace       used 26570K, committed 27456K, reserved 1114112K
  class space    used 2626K, committed 3008K, reserved 1048576K
}

Dll operation events (10 events):
Event: 0.161 Loaded shared library c:\Users\Juan\.vscode\extensions\redhat.java-1.50.0-win32-x64\jre\21.0.9-win32-x86_64\bin\java.dll
Event: 0.282 Loaded shared library c:\Users\Juan\.vscode\extensions\redhat.java-1.50.0-win32-x64\jre\21.0.9-win32-x86_64\bin\zip.dll
Event: 0.322 Loaded shared library C:\Users\Juan\.vscode\extensions\redhat.java-1.50.0-win32-x64\jre\21.0.9-win32-x86_64\bin\instrument.dll
Event: 0.332 Loaded shared library C:\Users\Juan\.vscode\extensions\redhat.java-1.50.0-win32-x64\jre\21.0.9-win32-x86_64\bin\net.dll
Event: 0.341 Loaded shared library C:\Users\Juan\.vscode\extensions\redhat.java-1.50.0-win32-x64\jre\21.0.9-win32-x86_64\bin\nio.dll
Event: 0.346 Loaded shared library C:\Users\Juan\.vscode\extensions\redhat.java-1.50.0-win32-x64\jre\21.0.9-win32-x86_64\bin\zip.dll
Event: 0.378 Loaded shared library C:\Users\Juan\.vscode\extensions\redhat.java-1.50.0-win32-x64\jre\21.0.9-win32-x86_64\bin\jimage.dll
Event: 0.642 Loaded shared library c:\Users\Juan\.vscode\extensions\redhat.java-1.50.0-win32-x64\jre\21.0.9-win32-x86_64\bin\verify.dll
Event: 22.482 Loaded shared library C:\Users\Juan\AppData\Roaming\Code\User\globalStorage\redhat.java\1.50.0\config_ss_win\org.eclipse.equinox.launcher\org.eclipse.equinox.launcher.win32.win32.x86_64_1.2.1400.v20250801-0854\eclipse_11916.dll
Event: 37.854 Loaded shared library C:\Users\Juan\AppData\Local\Temp\jna-2320088\jna17687528154872023809.dll

Deoptimization events (20 events):
Event: 43.866 Thread 0x0000016e5d69b680 Uncommon trap: trap_request=0xffffff45 fr.pc=0x0000016e6849c99c relative=0x000000000000033c
Event: 43.866 Thread 0x0000016e5d69b680 Uncommon trap: reason=unstable_if action=reinterpret pc=0x0000016e6849c99c method=java.util.regex.Pattern$BmpCharPropertyGreedy.match(Ljava/util/regex/Matcher;ILjava/lang/CharSequence;)Z @ 12 c2
Event: 43.866 Thread 0x0000016e5d69b680 DEOPT PACKING pc=0x0000016e6849c99c sp=0x0000005cbb3fcfc0
Event: 43.866 Thread 0x0000016e5d69b680 DEOPT UNPACKING pc=0x0000016e67e26da2 sp=0x0000005cbb3fcf58 mode 2
Event: 44.004 Thread 0x0000016e5d69b680 Uncommon trap: trap_request=0xffffffde fr.pc=0x0000016e684967f0 relative=0x0000000000000050
Event: 44.004 Thread 0x0000016e5d69b680 Uncommon trap: reason=class_check action=maybe_recompile pc=0x0000016e684967f0 method=java.lang.invoke.DirectMethodHandle.internalMemberName(Ljava/lang/Object;)Ljava/lang/Object; @ 1 c2
Event: 44.004 Thread 0x0000016e5d69b680 DEOPT PACKING pc=0x0000016e684967f0 sp=0x0000005cbb3fe3c0
Event: 44.004 Thread 0x0000016e5d69b680 DEOPT UNPACKING pc=0x0000016e67e26da2 sp=0x0000005cbb3fe350 mode 2
Event: 44.008 Thread 0x0000016e5d69b680 Uncommon trap: trap_request=0xffffffde fr.pc=0x0000016e684967f0 relative=0x0000000000000050
Event: 44.008 Thread 0x0000016e5d69b680 Uncommon trap: reason=class_check action=maybe_recompile pc=0x0000016e684967f0 method=java.lang.invoke.DirectMethodHandle.internalMemberName(Ljava/lang/Object;)Ljava/lang/Object; @ 1 c2
Event: 44.009 Thread 0x0000016e5d69b680 DEOPT PACKING pc=0x0000016e684967f0 sp=0x0000005cbb3fe3c0
Event: 44.009 Thread 0x0000016e5d69b680 DEOPT UNPACKING pc=0x0000016e67e26da2 sp=0x0000005cbb3fe350 mode 2
Event: 44.009 Thread 0x0000016e5d69b680 Uncommon trap: trap_request=0xffffffde fr.pc=0x0000016e684967f0 relative=0x0000000000000050
Event: 44.010 Thread 0x0000016e5d69b680 Uncommon trap: reason=class_check action=maybe_recompile pc=0x0000016e684967f0 method=java.lang.invoke.DirectMethodHandle.internalMemberName(Ljava/lang/Object;)Ljava/lang/Object; @ 1 c2
Event: 44.010 Thread 0x0000016e5d69b680 DEOPT PACKING pc=0x0000016e684967f0 sp=0x0000005cbb3fe3c0
Event: 44.010 Thread 0x0000016e5d69b680 DEOPT UNPACKING pc=0x0000016e67e26da2 sp=0x0000005cbb3fe350 mode 2
Event: 44.028 Thread 0x0000016e7aab6f50 Uncommon trap: trap_request=0xffffff45 fr.pc=0x0000016e6852d3c8 relative=0x0000000000000248
Event: 44.028 Thread 0x0000016e7aab6f50 Uncommon trap: reason=unstable_if action=reinterpret pc=0x0000016e6852d3c8 method=org.eclipse.core.runtime.Path.computeFlags(Ljava/lang/String;Z)I @ 42 c2
Event: 44.028 Thread 0x0000016e7aab6f50 DEOPT PACKING pc=0x0000016e6852d3c8 sp=0x0000005cbcefe200
Event: 44.028 Thread 0x0000016e7aab6f50 DEOPT UNPACKING pc=0x0000016e67e26da2 sp=0x0000005cbcefe180 mode 2

Classes loaded (20 events):
Event: 43.869 Loading class java/math/BigDecimal
Event: 43.871 Loading class java/math/BigDecimal done
Event: 43.888 Loading class java/text/ParseException
Event: 43.888 Loading class java/text/ParseException done
Event: 43.918 Loading class java/util/BitSet
Event: 43.918 Loading class java/util/BitSet done
Event: 43.925 Loading class java/util/concurrent/atomic/AtomicIntegerArray
Event: 43.926 Loading class java/util/concurrent/atomic/AtomicIntegerArray done
Event: 43.931 Loading class java/util/Currency
Event: 43.932 Loading class java/util/Currency done
Event: 43.943 Loading class sun/nio/cs/ThreadLocalCoders
Event: 43.944 Loading class sun/nio/cs/ThreadLocalCoders done
Event: 43.944 Loading class sun/nio/cs/ThreadLocalCoders$1
Event: 43.944 Loading class sun/nio/cs/ThreadLocalCoders$Cache
Event: 43.944 Loading class sun/nio/cs/ThreadLocalCoders$Cache done
Event: 43.944 Loading class sun/nio/cs/ThreadLocalCoders$1 done
Event: 43.944 Loading class sun/nio/cs/ThreadLocalCoders$2
Event: 43.944 Loading class sun/nio/cs/ThreadLocalCoders$2 done
Event: 43.945 Loading class java/util/concurrent/atomic/AtomicLongArray
Event: 43.945 Loading class java/util/concurrent/atomic/AtomicLongArray done

Classes unloaded (7 events):
Event: 39.277 Thread 0x0000016e5d75e600 Unloading class 0x0000016e0118d400 'java/lang/invoke/LambdaForm$MH+0x0000016e0118d400'
Event: 39.277 Thread 0x0000016e5d75e600 Unloading class 0x0000016e0118d000 'java/lang/invoke/LambdaForm$MH+0x0000016e0118d000'
Event: 39.277 Thread 0x0000016e5d75e600 Unloading class 0x0000016e0118cc00 'java/lang/invoke/LambdaForm$MH+0x0000016e0118cc00'
Event: 39.277 Thread 0x0000016e5d75e600 Unloading class 0x0000016e0118c800 'java/lang/invoke/LambdaForm$MH+0x0000016e0118c800'
Event: 39.277 Thread 0x0000016e5d75e600 Unloading class 0x0000016e0118c400 'java/lang/invoke/LambdaForm$BMH+0x0000016e0118c400'
Event: 39.277 Thread 0x0000016e5d75e600 Unloading class 0x0000016e0118c000 'java/lang/invoke/LambdaForm$DMH+0x0000016e0118c000'
Event: 39.277 Thread 0x0000016e5d75e600 Unloading class 0x0000016e0118ac00 'java/lang/invoke/LambdaForm$DMH+0x0000016e0118ac00'

Classes redefined (0 events):
No events

Internal exceptions (20 events):
Event: 43.629 Thread 0x0000016e7aab6f50 Exception <a 'sun/nio/fs/WindowsException'{0x00000000d617e838}> (0x00000000d617e838) 
thrown [s\src\hotspot\share\prims\jni.cpp, line 520]
Event: 43.637 Thread 0x0000016e7aab6f50 Exception <a 'sun/nio/fs/WindowsException'{0x00000000d617f2c8}> (0x00000000d617f2c8) 
thrown [s\src\hotspot\share\prims\jni.cpp, line 520]
Event: 43.638 Thread 0x0000016e7aab6f50 Exception <a 'sun/nio/fs/WindowsException'{0x00000000d617f918}> (0x00000000d617f918) 
thrown [s\src\hotspot\share\prims\jni.cpp, line 520]
Event: 43.739 Thread 0x0000016e7aab6f50 Exception <a 'sun/nio/fs/WindowsException'{0x00000000d6189010}> (0x00000000d6189010) 
thrown [s\src\hotspot\share\prims\jni.cpp, line 520]
Event: 43.740 Thread 0x0000016e7aab6f50 Exception <a 'sun/nio/fs/WindowsException'{0x00000000d6189640}> (0x00000000d6189640) 
thrown [s\src\hotspot\share\prims\jni.cpp, line 520]
Event: 43.740 Thread 0x0000016e7aab6f50 Exception <a 'sun/nio/fs/WindowsException'{0x00000000d6189f60}> (0x00000000d6189f60) 
thrown [s\src\hotspot\share\prims\jni.cpp, line 520]
Event: 43.741 Thread 0x0000016e7aab6f50 Exception <a 'sun/nio/fs/WindowsException'{0x00000000d618a590}> (0x00000000d618a590) 
thrown [s\src\hotspot\share\prims\jni.cpp, line 520]
Event: 43.741 Thread 0x0000016e7aab6f50 Exception <a 'sun/nio/fs/WindowsException'{0x00000000d618af10}> (0x00000000d618af10) 
thrown [s\src\hotspot\share\prims\jni.cpp, line 520]
Event: 43.741 Thread 0x0000016e7aab6f50 Exception <a 'sun/nio/fs/WindowsException'{0x00000000d618b540}> (0x00000000d618b540) 
thrown [s\src\hotspot\share\prims\jni.cpp, line 520]
Event: 43.756 Thread 0x0000016e7aab6f50 Exception <a 'sun/nio/fs/WindowsException'{0x00000000d618ca60}> (0x00000000d618ca60) 
thrown [s\src\hotspot\share\prims\jni.cpp, line 520]
Event: 43.765 Thread 0x0000016e7aab6f50 Exception <a 'sun/nio/fs/WindowsException'{0x00000000d618d090}> (0x00000000d618d090) 
thrown [s\src\hotspot\share\prims\jni.cpp, line 520]
Event: 43.776 Thread 0x0000016e7aab6f50 Exception <a 'java/lang/NoSuchMethodError'{0x00000000d61a09d8}: 'void java.lang.invoke.DirectMethodHandle$Holder.invokeVirtual(java.lang.Object, java.lang.Object, java.lang.Object, java.lang.Object)'> (0x00000000d61a09d8) 
thrown [s\src\hotspot\share\interpreter\linkResolver.cpp, line 773]
Event: 43.997 Thread 0x0000016e5d69b680 Exception <a 'java/lang/NoSuchMethodError'{0x00000000d6a7dac8}: 'void java.lang.invoke.DirectMethodHandle$Holder.invokeSpecial(java.lang.Object, java.lang.Object, java.lang.Object, java.lang.Object, java.lang.Object, java.lang.Object)'> (0x00000000d6a7dac8) 
thrown [s\src\hotspot\share\interpreter\linkResolver.cpp, line 773]
Event: 44.009 Thread 0x0000016e5d69b680 Exception <a 'java/lang/IncompatibleClassChangeError'{0x00000000d6a85f80}: Found class java.lang.Object, but interface was expected> (0x00000000d6a85f80) 
thrown [s\src\hotspot\share\interpreter\linkResolver.cpp, line 840]
Event: 44.011 Thread 0x0000016e5d69b680 Exception <a 'java/lang/IncompatibleClassChangeError'{0x00000000d6a87d30}: Found class java.lang.Object, but interface was expected> (0x00000000d6a87d30) 
thrown [s\src\hotspot\share\interpreter\linkResolver.cpp, line 840]
Event: 44.016 Thread 0x0000016e7aab6f50 Exception <a 'java/io/FileNotFoundException'{0x00000000d6aa56f8}> (0x00000000d6aa56f8) 
thrown [s\src\hotspot\share\prims\jni.cpp, line 520]
Event: 44.017 Thread 0x0000016e7aab6f50 Exception <a 'java/io/FileNotFoundException'{0x00000000d6aa69a0}> (0x00000000d6aa69a0) 
thrown [s\src\hotspot\share\prims\jni.cpp, line 520]
Event: 44.024 Thread 0x0000016e7aab6f50 Exception <a 'java/lang/NoSuchMethodError'{0x00000000d6ab44d0}: 'java.lang.Object java.lang.invoke.DirectMethodHandle$Holder.newInvokeSpecial(java.lang.Object, java.lang.Object, java.lang.Object, int)'> (0x00000000d6ab44d0) 
thrown [s\src\hotspot\share\interpreter\linkResolver.cpp, line 773]
Event: 44.026 Thread 0x0000016e7aab6f50 Exception <a 'java/lang/NoSuchMethodError'{0x00000000d6ab80a8}: 'java.lang.Object java.lang.invoke.DirectMethodHandle$Holder.invokeSpecial(java.lang.Object, java.lang.Object, java.lang.Object, java.lang.Object, int)'> (0x00000000d6ab80a8) 
thrown [s\src\hotspot\share\interpreter\linkResolver.cpp, line 773]
Event: 44.027 Thread 0x0000016e7aab6f50 Exception <a 'java/lang/NoSuchMethodError'{0x00000000d6abb540}: 'java.lang.Object java.lang.invoke.Invokers$Holder.linkToTargetMethod(java.lang.Object, java.lang.Object, int, java.lang.Object)'> (0x00000000d6abb540) 
thrown [s\src\hotspot\share\interpreter\linkResolver.cpp, line 773]

ZGC Phase Switch (0 events):
No events

VM Operations (20 events):
Event: 38.892 Executing VM operation: ParallelGCFailedAllocation (Allocation Failure) done
Event: 39.264 Executing VM operation: CollectForMetadataAllocation (Metadata GC Threshold)
Event: 39.310 Executing VM operation: CollectForMetadataAllocation (Metadata GC Threshold) done
Event: 40.314 Executing VM operation: Cleanup
Event: 41.003 Executing VM operation: Cleanup done
Event: 41.248 Executing VM operation: ParallelGCFailedAllocation (Allocation Failure)
Event: 41.252 Executing VM operation: ParallelGCFailedAllocation (Allocation Failure) done
Event: 41.368 Executing VM operation: HandshakeAllThreads (Deoptimize)
Event: 41.368 Executing VM operation: HandshakeAllThreads (Deoptimize) done
Event: 41.484 Executing VM operation: HandshakeAllThreads (Deoptimize)
Event: 41.484 Executing VM operation: HandshakeAllThreads (Deoptimize) done
Event: 41.683 Executing VM operation: HandshakeAllThreads (Deoptimize)
Event: 41.683 Executing VM operation: HandshakeAllThreads (Deoptimize) done
Event: 41.975 Executing VM operation: ParallelGCFailedAllocation (Allocation Failure)
Event: 41.979 Executing VM operation: ParallelGCFailedAllocation (Allocation Failure) done
Event: 42.113 Executing VM operation: ParallelGCFailedAllocation (Allocation Failure)
Event: 42.135 Executing VM operation: ParallelGCFailedAllocation (Allocation Failure) done
Event: 43.150 Executing VM operation: Cleanup
Event: 43.283 Executing VM operation: Cleanup done
Event: 44.287 Executing VM operation: Cleanup

Memory protections (0 events):
No events

Nmethod flushes (0 events):
No events

Events (20 events):
Event: 37.976 Thread 0x0000016e5d647130 Thread added: 0x0000016e75c7c5d0
Event: 38.149 Thread 0x0000016e5d647130 Thread added: 0x0000016e7aab6f50
Event: 38.217 Thread 0x0000016e5d647130 Thread added: 0x0000016e75c3b1a0
Event: 38.306 Thread 0x0000016e758f8120 Thread added: 0x0000016e7a5eaae0
Event: 38.896 Thread 0x0000016e7a5eaae0 Thread exited: 0x0000016e7a5eaae0
Event: 39.453 Thread 0x0000016e758f8120 Thread added: 0x0000016e7af270e0
Event: 41.229 Thread 0x0000016e5d647130 Thread added: 0x0000016e7bc4b120
Event: 41.422 Thread 0x0000016e7bc4b120 Thread exited: 0x0000016e7bc4b120
Event: 41.893 Thread 0x0000016e5d69b680 Thread added: 0x0000016e7bc4aa90
Event: 41.893 Thread 0x0000016e5d69b680 Thread added: 0x0000016e7bc489c0
Event: 41.893 Thread 0x0000016e5d69b680 Thread added: 0x0000016e7bc4b7b0
Event: 41.893 Thread 0x0000016e5d69b680 Thread added: 0x0000016e7bc4be40
Event: 41.894 Thread 0x0000016e5d69b680 Thread added: 0x0000016e7bc49050
Event: 41.894 Thread 0x0000016e5d69b680 Thread added: 0x0000016e7bc4a400
Event: 41.894 Thread 0x0000016e5d69b680 Thread added: 0x0000016e7bc496e0
Event: 41.894 Thread 0x0000016e5d69b680 Thread added: 0x0000016e7bc49d70
Event: 41.894 Thread 0x0000016e5d69b680 Thread added: 0x0000016e7bc4b120
Event: 41.935 Thread 0x0000016e5d69b680 Thread added: 0x0000016e7cfc92e0
Event: 42.027 Thread 0x0000016e7af270e0 Thread added: 0x0000016e7d2345d0
Event: 43.919 Thread 0x0000016e75c3b1a0 Thread added: 0x0000016e7cfc7f30


Dynamic libraries:
0x00007ff7e57a0000 - 0x00007ff7e57ae000 	c:\Users\Juan\.vscode\extensions\redhat.java-1.50.0-win32-x64\jre\21.0.9-win32-x86_64\bin\java.exe
0x00007fff135c0000 - 0x00007fff13827000 	C:\WINDOWS\SYSTEM32\ntdll.dll
0x00007fff12730000 - 0x00007fff127f9000 	C:\WINDOWS\System32\KERNEL32.DLL
0x00007fff10eb0000 - 0x00007fff1129f000 	C:\WINDOWS\System32\KERNELBASE.dll
0x00007fff10710000 - 0x00007fff1085b000 	C:\WINDOWS\System32\ucrtbase.dll
0x00007ffedb4b0000 - 0x00007ffedb4c8000 	c:\Users\Juan\.vscode\extensions\redhat.java-1.50.0-win32-x64\jre\21.0.9-win32-x86_64\bin\jli.dll
0x00007ffedb0f0000 - 0x00007ffedb10e000 	c:\Users\Juan\.vscode\extensions\redhat.java-1.50.0-win32-x64\jre\21.0.9-win32-x86_64\bin\VCRUNTIME140.dll
0x00007fff12ec0000 - 0x00007fff13085000 	C:\WINDOWS\System32\USER32.dll
0x00007fff10e80000 - 0x00007fff10ea7000 	C:\WINDOWS\System32\win32u.dll
0x00007ffef2640000 - 0x00007ffef28d3000 	C:\WINDOWS\WinSxS\amd64_microsoft.windows.common-controls_6595b64144ccf1df_6.0.26100.7309_none_3e05feeae336a044\COMCTL32.dll
0x00007fff12980000 - 0x00007fff12a29000 	C:\WINDOWS\System32\msvcrt.dll
0x00007fff13550000 - 0x00007fff1357b000 	C:\WINDOWS\System32\GDI32.dll
0x00007fff10d50000 - 0x00007fff10e7c000 	C:\WINDOWS\System32\gdi32full.dll
0x00007fff10a70000 - 0x00007fff10b13000 	C:\WINDOWS\System32\msvcp_win.dll
0x00007fff11410000 - 0x00007fff11441000 	C:\WINDOWS\System32\IMM32.DLL
0x00007ffee39b0000 - 0x00007ffee39bc000 	c:\Users\Juan\.vscode\extensions\redhat.java-1.50.0-win32-x64\jre\21.0.9-win32-x86_64\bin\vcruntime140_1.dll
0x00007ffe665c0000 - 0x00007ffe6664d000 	c:\Users\Juan\.vscode\extensions\redhat.java-1.50.0-win32-x64\jre\21.0.9-win32-x86_64\bin\msvcp140.dll
0x00007ffe5be70000 - 0x00007ffe5cc10000 	c:\Users\Juan\.vscode\extensions\redhat.java-1.50.0-win32-x64\jre\21.0.9-win32-x86_64\bin\server\jvm.dll
0x00007fff13220000 - 0x00007fff132d4000 	C:\WINDOWS\System32\ADVAPI32.dll
0x00007fff12800000 - 0x00007fff128a6000 	C:\WINDOWS\System32\sechost.dll
0x00007fff132f0000 - 0x00007fff13408000 	C:\WINDOWS\System32\RPCRT4.dll
0x00007fff11390000 - 0x00007fff11404000 	C:\WINDOWS\System32\WS2_32.dll
0x00007fff10570000 - 0x00007fff105ce000 	C:\WINDOWS\SYSTEM32\POWRPROF.dll
0x00007ffef9f60000 - 0x00007ffef9f95000 	C:\WINDOWS\SYSTEM32\WINMM.dll
0x00007fff09a20000 - 0x00007fff09a2b000 	C:\WINDOWS\SYSTEM32\VERSION.dll
0x00007fff10550000 - 0x00007fff10564000 	C:\WINDOWS\SYSTEM32\UMPDC.dll
0x00007fff0f490000 - 0x00007fff0f4ab000 	C:\WINDOWS\SYSTEM32\kernel.appcore.dll
0x00007ffeda150000 - 0x00007ffeda15a000 	c:\Users\Juan\.vscode\extensions\redhat.java-1.50.0-win32-x64\jre\21.0.9-win32-x86_64\bin\jimage.dll
0x00007fff0de10000 - 0x00007fff0e052000 	C:\WINDOWS\SYSTEM32\DBGHELP.DLL
0x00007fff11450000 - 0x00007fff117d5000 	C:\WINDOWS\System32\combase.dll
0x00007fff12650000 - 0x00007fff12726000 	C:\WINDOWS\System32\OLEAUT32.dll
0x00007ffeed780000 - 0x00007ffeed7bc000 	C:\WINDOWS\SYSTEM32\dbgcore.DLL
0x00007fff112b0000 - 0x00007fff11355000 	C:\WINDOWS\System32\bcryptPrimitives.dll
0x00007ffed9fc0000 - 0x00007ffed9fcf000 	c:\Users\Juan\.vscode\extensions\redhat.java-1.50.0-win32-x64\jre\21.0.9-win32-x86_64\bin\instrument.dll
0x00007ffecea10000 - 0x00007ffecea30000 	c:\Users\Juan\.vscode\extensions\redhat.java-1.50.0-win32-x64\jre\21.0.9-win32-x86_64\bin\java.dll
0x00007fff11df0000 - 0x00007fff12543000 	C:\WINDOWS\System32\SHELL32.dll
0x00007fff10b20000 - 0x00007fff10c8a000 	C:\WINDOWS\System32\wintypes.dll
0x00007fff0e2f0000 - 0x00007fff0eb4e000 	C:\WINDOWS\SYSTEM32\windows.storage.dll
0x00007fff12550000 - 0x00007fff12645000 	C:\WINDOWS\System32\SHCORE.dll
0x00007fff134e0000 - 0x00007fff13546000 	C:\WINDOWS\System32\shlwapi.dll
0x00007fff10630000 - 0x00007fff10659000 	C:\WINDOWS\SYSTEM32\profapi.dll
0x00007ffec32e0000 - 0x00007ffec32f8000 	c:\Users\Juan\.vscode\extensions\redhat.java-1.50.0-win32-x64\jre\21.0.9-win32-x86_64\bin\zip.dll
0x00007ffed4470000 - 0x00007ffed4480000 	C:\Users\Juan\.vscode\extensions\redhat.java-1.50.0-win32-x64\jre\21.0.9-win32-x86_64\bin\net.dll
0x00007fff080b0000 - 0x00007fff081d8000 	C:\WINDOWS\SYSTEM32\WINHTTP.dll
0x00007fff0fa30000 - 0x00007fff0fa9b000 	C:\WINDOWS\system32\mswsock.dll
0x00007ffe8b7f0000 - 0x00007ffe8b806000 	C:\Users\Juan\.vscode\extensions\redhat.java-1.50.0-win32-x64\jre\21.0.9-win32-x86_64\bin\nio.dll
0x00007ffece3b0000 - 0x00007ffece3c0000 	c:\Users\Juan\.vscode\extensions\redhat.java-1.50.0-win32-x64\jre\21.0.9-win32-x86_64\bin\verify.dll
0x00007ffec91b0000 - 0x00007ffec91f4000 	C:\Users\Juan\AppData\Roaming\Code\User\globalStorage\redhat.java\1.50.0\config_ss_win\org.eclipse.equinox.launcher\org.eclipse.equinox.launcher.win32.win32.x86_64_1.2.1400.v20250801-0854\eclipse_11916.dll
0x00007fff11a20000 - 0x00007fff11bb7000 	C:\WINDOWS\System32\ole32.dll
0x00007fff0fcf0000 - 0x00007fff0fd0b000 	C:\WINDOWS\SYSTEM32\CRYPTSP.dll
0x00007fff0f3f0000 - 0x00007fff0f42a000 	C:\WINDOWS\system32\rsaenh.dll
0x00007fff0fae0000 - 0x00007fff0fb0b000 	C:\WINDOWS\SYSTEM32\USERENV.dll
0x00007fff10600000 - 0x00007fff1062a000 	C:\WINDOWS\SYSTEM32\bcrypt.dll
0x00007fff0fd10000 - 0x00007fff0fd1c000 	C:\WINDOWS\SYSTEM32\CRYPTBASE.dll
0x00007fff0eec0000 - 0x00007fff0eef4000 	C:\WINDOWS\SYSTEM32\IPHLPAPI.DLL
0x00007fff132e0000 - 0x00007fff132ea000 	C:\WINDOWS\System32\NSI.dll
0x00007ffed3a60000 - 0x00007ffed3aa9000 	C:\Users\Juan\AppData\Local\Temp\jna-2320088\jna17687528154872023809.dll
0x00007fff13410000 - 0x00007fff13418000 	C:\WINDOWS\System32\PSAPI.DLL
0x00007fff08e90000 - 0x00007fff08eae000 	C:\WINDOWS\SYSTEM32\dhcpcsvc6.DLL
0x00007fff07ad0000 - 0x00007fff07af3000 	C:\WINDOWS\SYSTEM32\dhcpcsvc.DLL

JVMTI agents:
c:\Users\Juan\.vscode\extensions\redhat.java-1.50.0-win32-x64\lombok\lombok-1.18.39-4050.jar path:c:\Users\Juan\.vscode\extensions\redhat.java-1.50.0-win32-x64\jre\21.0.9-win32-x86_64\bin\instrument.dll, loaded, initialized, instrumentlib options:none

dbghelp: loaded successfully - version: 4.0.5 - missing functions: none
symbol engine: initialized successfully - sym options: 0x614 - pdb path: .;c:\Users\Juan\.vscode\extensions\redhat.java-1.50.0-win32-x64\jre\21.0.9-win32-x86_64\bin;C:\WINDOWS\SYSTEM32;C:\WINDOWS\WinSxS\amd64_microsoft.windows.common-controls_6595b64144ccf1df_6.0.26100.7309_none_3e05feeae336a044;c:\Users\Juan\.vscode\extensions\redhat.java-1.50.0-win32-x64\jre\21.0.9-win32-x86_64\bin\server;C:\Users\Juan\AppData\Roaming\Code\User\globalStorage\redhat.java\1.50.0\config_ss_win\org.eclipse.equinox.launcher\org.eclipse.equinox.launcher.win32.win32.x86_64_1.2.1400.v20250801-0854;C:\Users\Juan\AppData\Local\Temp\jna-2320088

VM Arguments:
jvm_args: --add-modules=ALL-SYSTEM --add-opens=java.base/java.util=ALL-UNNAMED --add-opens=java.base/java.lang=ALL-UNNAMED --add-opens=java.base/sun.nio.fs=ALL-UNNAMED -Declipse.application=org.eclipse.jdt.ls.core.id1 -Dosgi.bundles.defaultStartLevel=4 -Declipse.product=org.eclipse.jdt.ls.core.product -Djava.import.generatesMetadataFilesAtProjectRoot=false -DDetectVMInstallationsJob.disabled=true -Dfile.encoding=utf8 -XX:+UseParallelGC -XX:GCTimeRatio=4 -XX:AdaptiveSizePolicyWeight=90 -Dsun.zip.disableMemoryMapping=true -Xmx2G -Xms100m -Xlog:disable -javaagent:c:\Users\Juan\.vscode\extensions\redhat.java-1.50.0-win32-x64\lombok\lombok-1.18.39-4050.jar 
java_command: c:\Users\Juan\.vscode\extensions\redhat.java-1.50.0-win32-x64\server\plugins\org.eclipse.equinox.launcher_1.7.100.v20251111-0406.jar -configuration c:\Users\Juan\AppData\Roaming\Code\User\globalStorage\redhat.java\1.50.0\config_ss_win -data c:\Users\Juan\AppData\Roaming\Code\User\workspaceStorage\6a1a4c3ce460ec6c05d99383db64977c\redhat.java\ss_ws --pipe=\\.\pipe\lsp-deddcce584a56146d03cfe16f4d1b143-sock
java_class_path (initial): c:\Users\Juan\.vscode\extensions\redhat.java-1.50.0-win32-x64\server\plugins\org.eclipse.equinox.launcher_1.7.100.v20251111-0406.jar
Launcher Type: SUN_STANDARD

[Global flags]
    uintx AdaptiveSizePolicyWeight                 = 90                                        {product} {command line}
     intx CICompilerCount                          = 4                                         {product} {ergonomic}
    uintx GCTimeRatio                              = 4                                         {product} {command line}
   size_t InitialHeapSize                          = 104857600                                 {product} {command line}
   size_t MaxHeapSize                              = 2147483648                                {product} {command line}
   size_t MaxNewSize                               = 715653120                                 {product} {ergonomic}
   size_t MinHeapDeltaBytes                        = 524288                                    {product} {ergonomic}
   size_t MinHeapSize                              = 104857600                                 {product} {command line}
   size_t NewSize                                  = 34603008                                  {product} {ergonomic}
    uintx NonNMethodCodeHeapSize                   = 5839372                                {pd product} {ergonomic}
    uintx NonProfiledCodeHeapSize                  = 122909434                              {pd product} {ergonomic}
   size_t OldSize                                  = 70254592                                  {product} {ergonomic}
    uintx ProfiledCodeHeapSize                     = 122909434                              {pd product} {ergonomic}
    uintx ReservedCodeCacheSize                    = 251658240                              {pd product} {ergonomic}
     bool SegmentedCodeCache                       = true                                      {product} {ergonomic}
   size_t SoftMaxHeapSize                          = 2147483648                             {manageable} {ergonomic}
     bool UseCompressedOops                        = true                           {product lp64_product} {ergonomic}
     bool UseLargePagesIndividualAllocation        = false                                  {pd product} {ergonomic}
     bool UseParallelGC                            = true                                      {product} {command line}

Logging:
Log output configuration:
 #0: stdout all=off uptime,level,tags foldmultilines=false
 #1: stderr all=off uptime,level,tags foldmultilines=false

Release file:
JAVA_VERSION="21.0.9" 
MODULES="java.base java.compiler java.datatransfer java.xml java.prefs java.desktop java.instrument java.logging java.management java.security.sasl java.naming java.rmi java.management.rmi java.net.http java.scripting java.security.jgss java.transaction.xa java.sql java.sql.rowset java.xml.crypto java.se java.smartcardio jdk.accessibility jdk.internal.jvmstat jdk.attach jdk.charsets jdk.internal.opt jdk.zipfs jdk.compiler jdk.crypto.ec jdk.crypto.cryptoki jdk.crypto.mscapi jdk.dynalink jdk.internal.ed jdk.editpad jdk.hotspot.agent jdk.httpserver jdk.internal.le jdk.internal.vm.ci jdk.internal.vm.compiler jdk.internal.vm.compiler.management jdk.jartool jdk.javadoc jdk.jcmd jdk.management jdk.management.agent jdk.jconsole jdk.jdeps jdk.jdwp.agent jdk.jdi jdk.jfr jdk.jshell jdk.jsobject jdk.jstatd jdk.localedata jdk.management.jfr jdk.naming.dns jdk.naming.rmi jdk.net jdk.nio.mapmode jdk.random jdk.sctp jdk.security.auth jdk.security.jgss jdk.unsupported jdk.unsupported.desktop jdk.xml.dom" 

Environment Variables:
PATH=C:\Program Files\Java\jdk-21\bin;C:\Program Files\Common Files\Oracle\Java\javapath;C:\Program Files (x86)\Common Files\Oracle\Java\java8path;C:\Program Files (x86)\Common Files\Oracle\Java\javapath;C:\WINDOWS\system32;C:\WINDOWS;C:\WINDOWS\System32\Wbem;C:\WINDOWS\System32\WindowsPowerShell\v1.0\;C:\WINDOWS\System32\OpenSSH\;C:\Program Files (x86)\NVIDIA Corporation\PhysX\Common;C:\Program Files\NVIDIA Corporation\NVIDIA NvDLISR;C:\Program Files (x86)\Microsoft SQL Server\160\DTS\Binn\;C:\Program Files\Microsoft SQL Server\Client SDK\ODBC\170\Tools\Binn\;C:\Program Files (x86)\Microsoft SQL Server\150\Tools\Binn\;C:\Program Files\Microsoft SQL Server\150\Tools\Binn\;C:\Program Files\Microsoft SQL Server\150\DTS\Binn\;C:\Program Files\nodejs\;C:\Program Files\WiX Toolset v6.0\bin;C:\Program Files\Git\cmd;C:\Users\Juan\AppData\Local\Microsoft\WindowsApps;C:\Users\Juan\AppData\Local\Programs\Microsoft VS Code\bin;C:\Users\Juan\AppData\Roaming\npm;C:\Program Files\PostgreSQL\15\bin;
USERNAME=Juan
OS=Windows_NT
PROCESSOR_IDENTIFIER=Intel64 Family 6 Model 126 Stepping 5, GenuineIntel
TMP=C:\Users\Juan\AppData\Local\Temp
TEMP=C:\Users\Juan\AppData\Local\Temp




Periodic native trim disabled

---------------  S Y S T E M  ---------------

OS:
 Windows 11 , 64 bit Build 26100 (10.0.26100.7309)
OS uptime: 0 days 6:54 hours
Hyper-V role detected

CPU: total 8 (initial active 8) (4 cores per cpu, 2 threads per core) family 6 model 126 stepping 5 microcode 0xbc, cx8, cmov, fxsr, ht, mmx, 3dnowpref, sse, sse2, sse3, ssse3, sse4.1, sse4.2, popcnt, lzcnt, tsc, tscinvbit, avx, avx2, aes, erms, clmul, bmi1, bmi2, adx, avx512f, avx512dq, avx512cd, avx512bw, avx512vl, sha, fma, vzeroupper, avx512_vpopcntdq, avx512_vpclmulqdq, avx512_vaes, avx512_vnni, clflush, clflushopt, avx512_vbmi2, avx512_vbmi, hv, rdtscp, rdpid, fsrm, gfni, avx512_bitalg, f16c, avx512_ifma
Processor Information for the first 8 processors :
  Max Mhz: 1190, Current Mhz: 991, Mhz Limit: 987

Memory: 4k page, system-wide physical 16165M (3105M free)
TotalPageFile size 19081M (AvailPageFile size 2M)
current process WorkingSet (physical memory assigned to process): 183M, peak: 192M
current process commit charge ("private bytes"): 309M, peak: 317M

vm_info: OpenJDK 64-Bit Server VM (21.0.9+10-LTS) for windows-amd64 JRE (21.0.9+10-LTS), built on 2025-10-21T00:00:00Z by "admin" with unknown MS VC++:1942

END.
