#
# There is insufficient memory for the Java Runtime Environment to continue.
# Native memory allocation (malloc) failed to allocate 58272 bytes. Error detail: Chunk::new
# Possible reasons:
#   The system is out of physical RAM or swap space
#   This process is running with CompressedOops enabled, and the Java Heap may be blocking the growth of the native heap
# Possible solutions:
#   Reduce memory load on the system
#   Increase physical memory or swap space
#   Check if swap backing store is full
#   Decrease Java heap size (-Xmx/-Xms)
#   Decrease number of Java threads
#   Decrease Java thread stack sizes (-Xss)
#   Set larger code cache with -XX:ReservedCodeCacheSize=
#   JVM is running with Unscaled Compressed Oops mode in which the Java heap is
#     placed in the first 4GB address space. The Java Heap base address is the
#     maximum limit for the native heap growth. Please use -XX:HeapBaseMinAddress
#     to set the Java Heap base and to place the Java Heap above 4GB virtual address.
# This output file may be truncated or incomplete.
#
#  Out of Memory Error (arena.cpp:168), pid=24176, tid=12512
#
# JRE version: OpenJDK Runtime Environment Temurin-21.0.9+10 (21.0.9+10) (build 21.0.9+10-LTS)
# Java VM: OpenJDK 64-Bit Server VM Temurin-21.0.9+10 (21.0.9+10-LTS, mixed mode, sharing, tiered, compressed oops, compressed class ptrs, parallel gc, windows-amd64)
# No core dump will be written. Minidumps are not enabled by default on client versions of Windows
#

---------------  S U M M A R Y ------------

Command Line: --add-modules=ALL-SYSTEM --add-opens=java.base/java.util=ALL-UNNAMED --add-opens=java.base/java.lang=ALL-UNNAMED --add-opens=java.base/sun.nio.fs=ALL-UNNAMED -Declipse.application=org.eclipse.jdt.ls.core.id1 -Dosgi.bundles.defaultStartLevel=4 -Declipse.product=org.eclipse.jdt.ls.core.product -Djava.import.generatesMetadataFilesAtProjectRoot=false -DDetectVMInstallationsJob.disabled=true -Dfile.encoding=utf8 -XX:+UseParallelGC -XX:GCTimeRatio=4 -XX:AdaptiveSizePolicyWeight=90 -Dsun.zip.disableMemoryMapping=true -Xmx2G -Xms100m -Xlog:disable -javaagent:c:\Users\Juan\.vscode\extensions\redhat.java-1.50.0-win32-x64\lombok\lombok-1.18.39-4050.jar -XX:+HeapDumpOnOutOfMemoryError -XX:HeapDumpPath=c:\Users\Juan\AppData\Roaming\Code\User\workspaceStorage\6a1a4c3ce460ec6c05d99383db64977c\redhat.java -Daether.dependencyCollector.impl=bf c:\Users\Juan\.vscode\extensions\redhat.java-1.50.0-win32-x64\server\plugins\org.eclipse.equinox.launcher_1.7.100.v20251111-0406.jar -configuration c:\Users\Juan\AppData\Roaming\Code\User\globalStorage\redhat.java\1.50.0\config_win -data c:\Users\Juan\AppData\Roaming\Code\User\workspaceStorage\6a1a4c3ce460ec6c05d99383db64977c\redhat.java\jdt_ws --pipe=\\.\pipe\lsp-d9a6ab76845ec6778071b6e657aab4aa-sock

Host: Intel(R) Core(TM) i5-1035G1 CPU @ 1.00GHz, 8 cores, 15G,  Windows 11 , 64 bit Build 26100 (10.0.26100.7309)
Time: Sat Dec 27 17:18:19 2025 Hora est. Pacífico, Sudamérica elapsed time: 34.654087 seconds (0d 0h 0m 34s)

---------------  T H R E A D  ---------------

Current thread (0x00000238c7a96e10):  JavaThread "C2 CompilerThread0" daemon [_thread_in_native, id=12512, stack(0x0000004750d00000,0x0000004750e00000) (1024K)]


Current CompileTask:
C2:34654 2093       4       java.lang.Integer::parseInt (264 bytes)

Stack: [0x0000004750d00000,0x0000004750e00000]
Native frames: (J=compiled Java code, j=interpreted, Vv=VM code, C=native code)
V  [jvm.dll+0x6d6e29]
V  [jvm.dll+0x8b4b76]
V  [jvm.dll+0x8b712e]
V  [jvm.dll+0x8b7813]
V  [jvm.dll+0x283d86]
V  [jvm.dll+0xc66ed]
V  [jvm.dll+0xc6c31]
V  [jvm.dll+0x3be53b]
V  [jvm.dll+0x38ab92]
V  [jvm.dll+0x389fda]
V  [jvm.dll+0x24bfa0]
V  [jvm.dll+0x24b580]
V  [jvm.dll+0x1cb13e]
V  [jvm.dll+0x25b29d]
V  [jvm.dll+0x25982a]
V  [jvm.dll+0x3f7ea6]
V  [jvm.dll+0x85e9ad]
V  [jvm.dll+0x6d565d]
C  [ucrtbase.dll+0x37b0]
C  [KERNEL32.DLL+0x2e8d7]
C  [ntdll.dll+0x8c53c]


---------------  P R O C E S S  ---------------

Threads class SMR info:
_java_thread_list=0x00000238e45523e0, length=17, elements={
0x00000238c7b1dd10, 0x00000238c7a8c690, 0x00000238c7a90c50, 0x00000238c7a93b50,
0x00000238c7a947a0, 0x00000238c7a91dc0, 0x00000238c7a92810, 0x00000238c7a96e10,
0x00000238e4008120, 0x00000238e422f5b0, 0x00000238e430b4d0, 0x00000238e4b66150,
0x00000238e43109c0, 0x00000238e454ccf0, 0x00000238e4ba4a00, 0x00000238e4b99540,
0x00000238e45d7540
}

Java Threads: ( => current thread )
  0x00000238c7b1dd10 JavaThread "main"                              [_thread_blocked, id=19824, stack(0x0000004750300000,0x0000004750400000) (1024K)]
  0x00000238c7a8c690 JavaThread "Reference Handler"          daemon [_thread_blocked, id=20224, stack(0x0000004750700000,0x0000004750800000) (1024K)]
  0x00000238c7a90c50 JavaThread "Finalizer"                  daemon [_thread_blocked, id=18596, stack(0x0000004750800000,0x0000004750900000) (1024K)]
  0x00000238c7a93b50 JavaThread "Signal Dispatcher"          daemon [_thread_blocked, id=7256, stack(0x0000004750900000,0x0000004750a00000) (1024K)]
  0x00000238c7a947a0 JavaThread "Attach Listener"            daemon [_thread_blocked, id=19316, stack(0x0000004750a00000,0x0000004750b00000) (1024K)]
  0x00000238c7a91dc0 JavaThread "Service Thread"             daemon [_thread_blocked, id=11304, stack(0x0000004750b00000,0x0000004750c00000) (1024K)]
  0x00000238c7a92810 JavaThread "Monitor Deflation Thread"   daemon [_thread_blocked, id=13072, stack(0x0000004750c00000,0x0000004750d00000) (1024K)]
=>0x00000238c7a96e10 JavaThread "C2 CompilerThread0"         daemon [_thread_in_native, id=12512, stack(0x0000004750d00000,0x0000004750e00000) (1024K)]
  0x00000238e4008120 JavaThread "C1 CompilerThread0"         daemon [_thread_in_native, id=10280, stack(0x0000004750e00000,0x0000004750f00000) (1024K)]
  0x00000238e422f5b0 JavaThread "Common-Cleaner"             daemon [_thread_blocked, id=23736, stack(0x0000004750f00000,0x0000004751000000) (1024K)]
  0x00000238e430b4d0 JavaThread "Notification Thread"        daemon [_thread_blocked, id=25352, stack(0x0000004751100000,0x0000004751200000) (1024K)]
  0x00000238e4b66150 JavaThread "Active Thread: Equinox Container: 4b50d9d7-8d5c-492a-b0ed-17f74bb7e61d"        [_thread_in_Java, id=19280, stack(0x0000004751900000,0x0000004751a00000) (1024K)]
  0x00000238e43109c0 JavaThread "Refresh Thread: Equinox Container: 4b50d9d7-8d5c-492a-b0ed-17f74bb7e61d" daemon [_thread_blocked, id=18404, stack(0x0000004751000000,0x0000004751100000) (1024K)]
  0x00000238e454ccf0 JavaThread "Framework Event Dispatcher: Equinox Container: 4b50d9d7-8d5c-492a-b0ed-17f74bb7e61d" daemon [_thread_blocked, id=18640, stack(0x0000004751a00000,0x0000004751b00000) (1024K)]
  0x00000238e4ba4a00 JavaThread "Start Level: Equinox Container: 4b50d9d7-8d5c-492a-b0ed-17f74bb7e61d" daemon [_thread_in_native, id=17204, stack(0x0000004751b00000,0x0000004751c00000) (1024K)]
  0x00000238e4b99540 JavaThread "C2 CompilerThread1"         daemon [_thread_in_native, id=25488, stack(0x0000004750100000,0x0000004750200000) (1024K)]
  0x00000238e45d7540 JavaThread "C2 CompilerThread2"         daemon [_thread_in_native, id=20672, stack(0x0000004751c00000,0x0000004751d00000) (1024K)]
Total: 17

Other Threads:
  0x00000238c7bde9f0 VMThread "VM Thread"                           [id=9788, stack(0x0000004750600000,0x0000004750700000) (1024K)]
  0x00000238c7b88c20 WatcherThread "VM Periodic Task Thread"        [id=19124, stack(0x0000004750500000,0x0000004750600000) (1024K)]
  0x00000238c7b3c100 WorkerThread "GC Thread#0"                     [id=24112, stack(0x0000004750400000,0x0000004750500000) (1024K)]
  0x00000238e42fbe20 WorkerThread "GC Thread#1"                     [id=7200, stack(0x0000004751200000,0x0000004751300000) (1024K)]
  0x00000238e42fc1c0 WorkerThread "GC Thread#2"                     [id=21884, stack(0x0000004751300000,0x0000004751400000) (1024K)]
  0x00000238e478ed00 WorkerThread "GC Thread#3"                     [id=24480, stack(0x0000004751400000,0x0000004751500000) (1024K)]
  0x00000238e478f0a0 WorkerThread "GC Thread#4"                     [id=15056, stack(0x0000004751500000,0x0000004751600000) (1024K)]
  0x00000238e478f440 WorkerThread "GC Thread#5"                     [id=19496, stack(0x0000004751600000,0x0000004751700000) (1024K)]
  0x00000238e478f7e0 WorkerThread "GC Thread#6"                     [id=6088, stack(0x0000004751700000,0x0000004751800000) (1024K)]
  0x00000238e43129c0 WorkerThread "GC Thread#7"                     [id=9556, stack(0x0000004751800000,0x0000004751900000) (1024K)]
Total: 10

Threads with active compile tasks:
C2 CompilerThread0  35725 2093       4       java.lang.Integer::parseInt (264 bytes)
C1 CompilerThread0  35726 2180       3       org.osgi.framework.Version::equals (72 bytes)
C2 CompilerThread1  35726 2174       4       java.io.BufferedOutputStream::implWrite (71 bytes)
C2 CompilerThread2  35726 2173   !   4       java.io.BufferedOutputStream::write (73 bytes)
Total: 4

VM state: not at safepoint (normal execution)

VM Mutex/Monitor currently owned by a thread: None

Heap address: 0x0000000080000000, size: 2048 MB, Compressed Oops mode: 32-bit

CDS archive(s) mapped at: [0x0000023880000000-0x0000023880ba0000-0x0000023880ba0000), size 12189696, SharedBaseAddress: 0x0000023880000000, ArchiveRelocationMode: 1.
Compressed class space mapped at: 0x0000023881000000-0x00000238c1000000, reserved size: 1073741824
Narrow klass base: 0x0000023880000000, Narrow klass shift: 0, Narrow klass range: 0x100000000

GC Precious Log:
 CardTable entry size: 512
 CPUs: 8 total, 8 available
 Memory: 16165M
 Large Page Support: Disabled
 NUMA Support: Disabled
 Compressed Oops: Enabled (32-bit)
 Alignments: Space 512K, Generation 512K, Heap 2M
 Heap Min Capacity: 100M
 Heap Initial Capacity: 100M
 Heap Max Capacity: 2G
 Pre-touch: Disabled
 Parallel Workers: 8

Heap:
 PSYoungGen      total 29696K, used 26180K [0x00000000d5580000, 0x00000000d7680000, 0x0000000100000000)
  eden space 25600K, 86% used [0x00000000d5580000,0x00000000d6b18f20,0x00000000d6e80000)
  from space 4096K, 99% used [0x00000000d7280000,0x00000000d7678138,0x00000000d7680000)
  to   space 4096K, 0% used [0x00000000d6e80000,0x00000000d6e80000,0x00000000d7280000)
 ParOldGen       total 68608K, used 1812K [0x0000000080000000, 0x0000000084300000, 0x00000000d5580000)
  object space 68608K, 2% used [0x0000000080000000,0x00000000801c50a8,0x0000000084300000)
 Metaspace       used 9468K, committed 9792K, reserved 1114112K
  class space    used 1010K, committed 1152K, reserved 1048576K

Card table byte_map: [0x00000238c74c0000,0x00000238c78d0000] _byte_map_base: 0x00000238c70c0000

Marking Bits: (ParMarkBitMap*) 0x00007ffe5cb32460
 Begin Bits: [0x00000238d9fd0000, 0x00000238dbfd0000)
 End Bits:   [0x00000238dbfd0000, 0x00000238ddfd0000)

Polling page: 0x00000238c58e0000

Metaspace:

Usage:
  Non-class:      8.26 MB used.
      Class:   1010.57 KB used.
       Both:      9.25 MB used.

Virtual space:
  Non-class space:       64.00 MB reserved,       8.44 MB ( 13%) committed,  1 nodes.
      Class space:        1.00 GB reserved,       1.12 MB ( <1%) committed,  1 nodes.
             Both:        1.06 GB reserved,       9.56 MB ( <1%) committed. 

Chunk freelists:
   Non-Class:  6.74 MB
       Class:  14.78 MB
        Both:  21.52 MB

MaxMetaspaceSize: unlimited
CompressedClassSpaceSize: 1.00 GB
Initial GC threshold: 21.00 MB
Current GC threshold: 21.00 MB
CDS: on
 - commit_granule_bytes: 65536.
 - commit_granule_words: 8192.
 - virtual_space_node_default_size: 8388608.
 - enlarge_chunks_in_place: 1.
 - use_allocation_guard: 0.


Internal statistics:

num_allocs_failed_limit: 0.
num_arena_births: 258.
num_arena_deaths: 0.
num_vsnodes_births: 2.
num_vsnodes_deaths: 0.
num_space_committed: 154.
num_space_uncommitted: 0.
num_chunks_returned_to_freelist: 0.
num_chunks_taken_from_freelist: 518.
num_chunk_merges: 0.
num_chunk_splits: 323.
num_chunks_enlarged: 212.
num_inconsistent_stats: 0.

CodeHeap 'non-profiled nmethods': size=120000Kb used=958Kb max_used=958Kb free=119042Kb
 bounds [0x00000238d27f0000, 0x00000238d2a60000, 0x00000238d9d20000]
CodeHeap 'profiled nmethods': size=120000Kb used=3979Kb max_used=3979Kb free=116020Kb
 bounds [0x00000238cad20000, 0x00000238cb110000, 0x00000238d2250000]
CodeHeap 'non-nmethods': size=5760Kb used=1239Kb max_used=1268Kb free=4520Kb
 bounds [0x00000238d2250000, 0x00000238d24c0000, 0x00000238d27f0000]
CodeCache: size=245760Kb, used=6176Kb, max_used=6205Kb, free=239582Kb
 total_blobs=2666, nmethods=2173, adapters=399, full_count=0
Compilation: enabled, stopped_count=0, restarted_count=0

Compilation events (20 events):
Event: 30.088 Thread 0x00000238e4008120 2083       3       jdk.internal.misc.Unsafe::putReferenceOpaque (9 bytes)
Event: 30.088 Thread 0x00000238e4008120 nmethod 2083 0x00000238cb0dee90 code [0x00000238cb0df020, 0x00000238cb0df150]
Event: 30.146 Thread 0x00000238e4008120 2085       3       java.util.concurrent.locks.LockSupport::setBlocker (12 bytes)
Event: 30.146 Thread 0x00000238e4008120 nmethod 2085 0x00000238cb0df210 code [0x00000238cb0df3c0, 0x00000238cb0df5c8]
Event: 30.372 Thread 0x00000238e4008120 2087       3       java.lang.invoke.MethodHandles$Lookup$ClassFile::newInstanceNoCheck (11 bytes)
Event: 30.372 Thread 0x00000238e4008120 nmethod 2087 0x00000238cb0df690 code [0x00000238cb0df840, 0x00000238cb0dfa78]
Event: 30.372 Thread 0x00000238e4008120 2088       3       java.lang.invoke.MethodHandles$Lookup$ClassFile::<init> (20 bytes)
Event: 30.373 Thread 0x00000238e4008120 nmethod 2088 0x00000238cb0dfb90 code [0x00000238cb0dfd40, 0x00000238cb0dfee0]
Event: 30.373 Thread 0x00000238e4008120 2089       3       java.lang.System$2::defineClass (21 bytes)
Event: 31.383 Thread 0x00000238e4008120 nmethod 2089 0x00000238cb0dff90 code [0x00000238cb0e0140, 0x00000238cb0e02b8]
Event: 31.622 Thread 0x00000238e4008120 2091       3       jdk.internal.misc.Unsafe::weakCompareAndSetReference (11 bytes)
Event: 31.623 Thread 0x00000238e4008120 nmethod 2091 0x00000238cb0e0390 code [0x00000238cb0e0520, 0x00000238cb0e0660]
Event: 32.610 Thread 0x00000238e4008120 2092       3       java.io.FileDescriptor::valid (25 bytes)
Event: 32.610 Thread 0x00000238e4008120 nmethod 2092 0x00000238cb0e0710 code [0x00000238cb0e08c0, 0x00000238cb0e0a60]
Event: 32.613 Thread 0x00000238c7a96e10 2093       4       java.lang.Integer::parseInt (264 bytes)
Event: 32.619 Thread 0x00000238e4008120 2095       1       org.eclipse.osgi.storage.BundleInfo::getLocation (5 bytes)
Event: 32.620 Thread 0x00000238e4008120 nmethod 2095 0x00000238d28d9190 code [0x00000238d28d9320, 0x00000238d28d93e8]
Event: 32.622 Thread 0x00000238e4008120 2097       3       java.lang.invoke.VarHandleByteArrayAsLongs$ArrayHandle::index (13 bytes)
Event: 32.622 Thread 0x00000238e4008120 nmethod 2097 0x00000238cb0e0b10 code [0x00000238cb0e0cc0, 0x00000238cb0e0e08]
Event: 32.622 Thread 0x00000238e4008120 2098       3       java.io.BufferedOutputStream::growIfNeeded (59 bytes)

GC Heap History (4 events):
Event: 1.680 GC heap before
{Heap before GC invocations=1 (full 0):
 PSYoungGen      total 29696K, used 25600K [0x00000000d5580000, 0x00000000d7680000, 0x0000000100000000)
  eden space 25600K, 100% used [0x00000000d5580000,0x00000000d6e80000,0x00000000d6e80000)
  from space 4096K, 0% used [0x00000000d7280000,0x00000000d7280000,0x00000000d7680000)
  to   space 4096K, 0% used [0x00000000d6e80000,0x00000000d6e80000,0x00000000d7280000)
 ParOldGen       total 68608K, used 0K [0x0000000080000000, 0x0000000084300000, 0x00000000d5580000)
  object space 68608K, 0% used [0x0000000080000000,0x0000000080000000,0x0000000084300000)
 Metaspace       used 4373K, committed 4608K, reserved 1114112K
  class space    used 474K, committed 576K, reserved 1048576K
}
Event: 1.688 GC heap after
{Heap after GC invocations=1 (full 0):
 PSYoungGen      total 29696K, used 3303K [0x00000000d5580000, 0x00000000d7680000, 0x0000000100000000)
  eden space 25600K, 0% used [0x00000000d5580000,0x00000000d5580000,0x00000000d6e80000)
  from space 4096K, 80% used [0x00000000d6e80000,0x00000000d71b9e98,0x00000000d7280000)
  to   space 4096K, 0% used [0x00000000d7280000,0x00000000d7280000,0x00000000d7680000)
 ParOldGen       total 68608K, used 8K [0x0000000080000000, 0x0000000084300000, 0x00000000d5580000)
  object space 68608K, 0% used [0x0000000080000000,0x0000000080002000,0x0000000084300000)
 Metaspace       used 4373K, committed 4608K, reserved 1114112K
  class space    used 474K, committed 576K, reserved 1048576K
}
Event: 21.208 GC heap before
{Heap before GC invocations=2 (full 0):
 PSYoungGen      total 29696K, used 28903K [0x00000000d5580000, 0x00000000d7680000, 0x0000000100000000)
  eden space 25600K, 100% used [0x00000000d5580000,0x00000000d6e80000,0x00000000d6e80000)
  from space 4096K, 80% used [0x00000000d6e80000,0x00000000d71b9e98,0x00000000d7280000)
  to   space 4096K, 0% used [0x00000000d7280000,0x00000000d7280000,0x00000000d7680000)
 ParOldGen       total 68608K, used 8K [0x0000000080000000, 0x0000000084300000, 0x00000000d5580000)
  object space 68608K, 0% used [0x0000000080000000,0x0000000080002000,0x0000000084300000)
 Metaspace       used 8103K, committed 8384K, reserved 1114112K
  class space    used 845K, committed 960K, reserved 1048576K
}
Event: 21.230 GC heap after
{Heap after GC invocations=2 (full 0):
 PSYoungGen      total 29696K, used 4064K [0x00000000d5580000, 0x00000000d7680000, 0x0000000100000000)
  eden space 25600K, 0% used [0x00000000d5580000,0x00000000d5580000,0x00000000d6e80000)
  from space 4096K, 99% used [0x00000000d7280000,0x00000000d7678138,0x00000000d7680000)
  to   space 4096K, 0% used [0x00000000d6e80000,0x00000000d6e80000,0x00000000d7280000)
 ParOldGen       total 68608K, used 1812K [0x0000000080000000, 0x0000000084300000, 0x00000000d5580000)
  object space 68608K, 2% used [0x0000000080000000,0x00000000801c50a8,0x0000000084300000)
 Metaspace       used 8103K, committed 8384K, reserved 1114112K
  class space    used 845K, committed 960K, reserved 1048576K
}

Dll operation events (9 events):
Event: 0.020 Loaded shared library c:\Users\Juan\.vscode\extensions\redhat.java-1.50.0-win32-x64\jre\21.0.9-win32-x86_64\bin\java.dll
Event: 0.150 Loaded shared library c:\Users\Juan\.vscode\extensions\redhat.java-1.50.0-win32-x64\jre\21.0.9-win32-x86_64\bin\zip.dll
Event: 0.191 Loaded shared library C:\Users\Juan\.vscode\extensions\redhat.java-1.50.0-win32-x64\jre\21.0.9-win32-x86_64\bin\instrument.dll
Event: 0.200 Loaded shared library C:\Users\Juan\.vscode\extensions\redhat.java-1.50.0-win32-x64\jre\21.0.9-win32-x86_64\bin\net.dll
Event: 0.204 Loaded shared library C:\Users\Juan\.vscode\extensions\redhat.java-1.50.0-win32-x64\jre\21.0.9-win32-x86_64\bin\nio.dll
Event: 0.214 Loaded shared library C:\Users\Juan\.vscode\extensions\redhat.java-1.50.0-win32-x64\jre\21.0.9-win32-x86_64\bin\zip.dll
Event: 0.269 Loaded shared library C:\Users\Juan\.vscode\extensions\redhat.java-1.50.0-win32-x64\jre\21.0.9-win32-x86_64\bin\jimage.dll
Event: 0.482 Loaded shared library c:\Users\Juan\.vscode\extensions\redhat.java-1.50.0-win32-x64\jre\21.0.9-win32-x86_64\bin\verify.dll
Event: 22.136 Loaded shared library C:\Users\Juan\AppData\Roaming\Code\User\globalStorage\redhat.java\1.50.0\config_win\org.eclipse.equinox.launcher\org.eclipse.equinox.launcher.win32.win32.x86_64_1.2.1400.v20250801-0854\eclipse_11916.dll

Deoptimization events (20 events):
Event: 23.677 Thread 0x00000238e4ba4a00 Uncommon trap: trap_request=0xffffffde fr.pc=0x00000238d28c2ce4 relative=0x0000000000000304
Event: 23.677 Thread 0x00000238e4ba4a00 Uncommon trap: reason=class_check action=maybe_recompile pc=0x00000238d28c2ce4 method=java.util.regex.Pattern$BmpCharPropertyGreedy.match(Ljava/util/regex/Matcher;ILjava/lang/CharSequence;)Z @ 26 c2
Event: 23.677 Thread 0x00000238e4ba4a00 DEOPT PACKING pc=0x00000238d28c2ce4 sp=0x0000004751bfe250
Event: 23.677 Thread 0x00000238e4ba4a00 DEOPT UNPACKING pc=0x00000238d22a6da2 sp=0x0000004751bfe1e8 mode 2
Event: 23.677 Thread 0x00000238e4ba4a00 Uncommon trap: trap_request=0xffffffde fr.pc=0x00000238d28c2ce4 relative=0x0000000000000304
Event: 23.677 Thread 0x00000238e4ba4a00 Uncommon trap: reason=class_check action=maybe_recompile pc=0x00000238d28c2ce4 method=java.util.regex.Pattern$BmpCharPropertyGreedy.match(Ljava/util/regex/Matcher;ILjava/lang/CharSequence;)Z @ 26 c2
Event: 23.677 Thread 0x00000238e4ba4a00 DEOPT PACKING pc=0x00000238d28c2ce4 sp=0x0000004751bfe250
Event: 23.677 Thread 0x00000238e4ba4a00 DEOPT UNPACKING pc=0x00000238d22a6da2 sp=0x0000004751bfe1e8 mode 2
Event: 24.541 Thread 0x00000238e4ba4a00 Uncommon trap: trap_request=0xffffffde fr.pc=0x00000238d28c2ce4 relative=0x0000000000000304
Event: 24.541 Thread 0x00000238e4ba4a00 Uncommon trap: reason=class_check action=maybe_recompile pc=0x00000238d28c2ce4 method=java.util.regex.Pattern$BmpCharPropertyGreedy.match(Ljava/util/regex/Matcher;ILjava/lang/CharSequence;)Z @ 26 c2
Event: 24.541 Thread 0x00000238e4ba4a00 DEOPT PACKING pc=0x00000238d28c2ce4 sp=0x0000004751bfe250
Event: 24.541 Thread 0x00000238e4ba4a00 DEOPT UNPACKING pc=0x00000238d22a6da2 sp=0x0000004751bfe1e8 mode 2
Event: 24.541 Thread 0x00000238e4ba4a00 Uncommon trap: trap_request=0xffffffde fr.pc=0x00000238d28c2ce4 relative=0x0000000000000304
Event: 24.541 Thread 0x00000238e4ba4a00 Uncommon trap: reason=class_check action=maybe_recompile pc=0x00000238d28c2ce4 method=java.util.regex.Pattern$BmpCharPropertyGreedy.match(Ljava/util/regex/Matcher;ILjava/lang/CharSequence;)Z @ 26 c2
Event: 24.541 Thread 0x00000238e4ba4a00 DEOPT PACKING pc=0x00000238d28c2ce4 sp=0x0000004751bfe250
Event: 24.541 Thread 0x00000238e4ba4a00 DEOPT UNPACKING pc=0x00000238d22a6da2 sp=0x0000004751bfe1e8 mode 2
Event: 25.094 Thread 0x00000238e4ba4a00 Uncommon trap: trap_request=0xffffff45 fr.pc=0x00000238d28a0bc8 relative=0x00000000000009e8
Event: 25.095 Thread 0x00000238e4ba4a00 Uncommon trap: reason=unstable_if action=reinterpret pc=0x00000238d28a0bc8 method=java.util.concurrent.ConcurrentHashMap.putVal(Ljava/lang/Object;Ljava/lang/Object;Z)Ljava/lang/Object; @ 148 c2
Event: 25.095 Thread 0x00000238e4ba4a00 DEOPT PACKING pc=0x00000238d28a0bc8 sp=0x0000004751bfe770
Event: 25.095 Thread 0x00000238e4ba4a00 DEOPT UNPACKING pc=0x00000238d22a6da2 sp=0x0000004751bfe6e0 mode 2

Classes loaded (20 events):
Event: 22.603 Loading class sun/util/logging/resources/logging_es_419
Event: 22.603 Loading class sun/util/logging/resources/logging_es_419 done
Event: 22.609 Loading class java/util/Formatter$DateTime
Event: 22.609 Loading class java/util/Formatter$DateTime done
Event: 22.610 Loading class java/util/Formatter$FixedString
Event: 22.610 Loading class java/util/Formatter$FixedString done
Event: 22.612 Loading class java/time/ZonedDateTime$1
Event: 22.612 Loading class java/time/ZonedDateTime$1 done
Event: 22.622 Loading class jdk/internal/module/ModulePatcher$PatchedModuleReader
Event: 22.623 Loading class jdk/internal/module/ModulePatcher$PatchedModuleReader done
Event: 22.645 Loading class sun/util/resources/LocaleData$CommonResourceBundleProvider
Event: 22.645 Loading class sun/util/resources/LocaleData$LocaleDataResourceBundleProvider
Event: 22.645 Loading class java/util/spi/ResourceBundleProvider
Event: 22.645 Loading class java/util/spi/ResourceBundleProvider done
Event: 22.645 Loading class sun/util/resources/LocaleData$LocaleDataResourceBundleProvider done
Event: 22.645 Loading class sun/util/resources/LocaleData$CommonResourceBundleProvider done
Event: 22.652 Loading class sun/util/resources/Bundles$2
Event: 22.652 Loading class sun/util/resources/Bundles$2 done
Event: 32.616 Loading class java/io/DataOutputStream
Event: 32.617 Loading class java/io/DataOutputStream done

Classes unloaded (0 events):
No events

Classes redefined (0 events):
No events

Internal exceptions (20 events):
Event: 1.765 Thread 0x00000238c7b1dd10 Implicit null exception at 0x00000238d28508a9 to 0x00000238d2851148
Event: 1.765 Thread 0x00000238c7b1dd10 Implicit null exception at 0x00000238d286069a to 0x00000238d28608a0
Event: 1.766 Thread 0x00000238c7b1dd10 Exception <a 'java/lang/NoSuchMethodError'{0x00000000d56d29d8}: 'void java.lang.invoke.DirectMethodHandle$Holder.invokeStatic(java.lang.Object, java.lang.Object, java.lang.Object, java.lang.Object)'> (0x00000000d56d29d8) 
thrown [s\src\hotspot\share\interpreter\linkResolver.cpp, line 773]
Event: 1.768 Thread 0x00000238c7b1dd10 Implicit null exception at 0x00000238d285611a to 0x00000238d2856324
Event: 1.768 Thread 0x00000238c7b1dd10 Implicit null exception at 0x00000238d285493d to 0x00000238d28549c1
Event: 2.013 Thread 0x00000238c7b1dd10 Exception <a 'java/lang/NoSuchMethodError'{0x00000000d59ad530}: 'void java.lang.invoke.DirectMethodHandle$Holder.invokeSpecial(java.lang.Object, java.lang.Object, java.lang.Object)'> (0x00000000d59ad530) 
thrown [s\src\hotspot\share\interpreter\linkResolver.cpp, line 773]
Event: 2.502 Thread 0x00000238c7b1dd10 Exception <a 'java/lang/NoSuchMethodError'{0x00000000d63b4278}: 'int java.lang.invoke.DirectMethodHandle$Holder.invokeVirtual(java.lang.Object, java.lang.Object)'> (0x00000000d63b4278) 
thrown [s\src\hotspot\share\interpreter\linkResolver.cpp, line 773]
Event: 2.588 Thread 0x00000238c7b1dd10 Exception <a 'java/lang/NoSuchMethodError'{0x00000000d652b480}: 'int java.lang.invoke.DirectMethodHandle$Holder.invokeStaticInit(java.lang.Object, java.lang.Object, java.lang.Object, java.lang.Object)'> (0x00000000d652b480) 
thrown [s\src\hotspot\share\interpreter\linkResolver.cpp, line 773]
Event: 2.589 Thread 0x00000238c7b1dd10 Exception <a 'java/lang/IncompatibleClassChangeError'{0x00000000d6533888}: Found class java.lang.Object, but interface was expected> (0x00000000d6533888) 
thrown [s\src\hotspot\share\interpreter\linkResolver.cpp, line 840]
Event: 2.590 Thread 0x00000238c7b1dd10 Exception <a 'java/lang/NoSuchMethodError'{0x00000000d6539e38}: 'void java.lang.invoke.DirectMethodHandle$Holder.invokeStaticInit(java.lang.Object, java.lang.Object)'> (0x00000000d6539e38) 
thrown [s\src\hotspot\share\interpreter\linkResolver.cpp, line 773]
Event: 2.590 Thread 0x00000238c7b1dd10 Exception <a 'java/lang/NoSuchMethodError'{0x00000000d6542fd0}: 'int java.lang.invoke.DirectMethodHandle$Holder.invokeStaticInit(java.lang.Object, java.lang.Object)'> (0x00000000d6542fd0) 
thrown [s\src\hotspot\share\interpreter\linkResolver.cpp, line 773]
Event: 2.660 Thread 0x00000238c7b1dd10 Exception <a 'java/lang/NoSuchMethodError'{0x00000000d678c090}: 'java.lang.Object java.lang.invoke.DirectMethodHandle$Holder.newInvokeSpecial(java.lang.Object, int, java.lang.Object)'> (0x00000000d678c090) 
thrown [s\src\hotspot\share\interpreter\linkResolver.cpp, line 773]
Event: 2.732 Thread 0x00000238c7b1dd10 Exception <a 'java/lang/ClassNotFoundException'{0x00000000d69a3760}: sun/net/www/protocol/plurl/Handler> (0x00000000d69a3760) 
thrown [s\src\hotspot\share\classfile\systemDictionary.cpp, line 312]
Event: 2.732 Thread 0x00000238c7b1dd10 Exception <a 'java/lang/ClassNotFoundException'{0x00000000d69a45e0}: sun/net/www/protocol/plurl/Handler> (0x00000000d69a45e0) 
thrown [s\src\hotspot\share\classfile\systemDictionary.cpp, line 312]
Event: 21.173 Thread 0x00000238c7b1dd10 Exception <a 'java/lang/UnsatisfiedLinkError'{0x00000000d6df6d00}: 'void org.eclipse.equinox.launcher.JNIBridge._update_splash()'> (0x00000000d6df6d00) 
thrown [s\src\hotspot\share\prims\nativeLookup.cpp, line 415]
Event: 21.336 Thread 0x00000238e43109c0 Exception <a 'java/lang/NoSuchMethodError'{0x00000000d5777998}: 'void java.lang.invoke.DirectMethodHandle$Holder.invokeInterface(java.lang.Object, java.lang.Object, java.lang.Object)'> (0x00000000d5777998) 
thrown [s\src\hotspot\share\interpreter\linkResolver.cpp, line 773]
Event: 22.438 Thread 0x00000238e4ba4a00 Exception <a 'java/lang/NoSuchMethodError'{0x00000000d5ba53c0}: 'java.lang.Object java.lang.invoke.DirectMethodHandle$Holder.newInvokeSpecial(java.lang.Object, java.lang.Object, int, java.lang.Object)'> (0x00000000d5ba53c0) 
thrown [s\src\hotspot\share\interpreter\linkResolver.cpp, line 773]
Event: 22.440 Thread 0x00000238e4ba4a00 Exception <a 'java/lang/NoSuchMethodError'{0x00000000d5ba91f0}: 'java.lang.Object java.lang.invoke.DirectMethodHandle$Holder.invokeSpecial(java.lang.Object, java.lang.Object, java.lang.Object, int, java.lang.Object)'> (0x00000000d5ba91f0) 
thrown [s\src\hotspot\share\interpreter\linkResolver.cpp, line 773]
Event: 22.485 Thread 0x00000238e4ba4a00 Exception <a 'java/lang/NoClassDefFoundError'{0x00000000d5c50068}: jakarta/servlet/ServletContainerInitializer> (0x00000000d5c50068) 
thrown [s\src\hotspot\share\classfile\systemDictionary.cpp, line 301]
Event: 22.599 Thread 0x00000238e4ba4a00 Exception <a 'java/lang/ClassNotFoundException'{0x00000000d5da4930}: sun/util/logging/resources/spi/loggingProvider> (0x00000000d5da4930) 
thrown [s\src\hotspot\share\classfile\systemDictionary.cpp, line 312]

ZGC Phase Switch (0 events):
No events

VM Operations (20 events):
Event: 3.724 Executing VM operation: Cleanup done
Event: 21.208 Executing VM operation: ParallelGCFailedAllocation (Allocation Failure)
Event: 21.230 Executing VM operation: ParallelGCFailedAllocation (Allocation Failure) done
Event: 22.235 Executing VM operation: Cleanup
Event: 22.235 Executing VM operation: Cleanup done
Event: 22.575 Executing VM operation: HandshakeAllThreads (Deoptimize)
Event: 22.575 Executing VM operation: HandshakeAllThreads (Deoptimize) done
Event: 22.623 Executing VM operation: HandshakeAllThreads (Deoptimize)
Event: 22.624 Executing VM operation: HandshakeAllThreads (Deoptimize) done
Event: 22.674 Executing VM operation: HandshakeAllThreads (Deoptimize)
Event: 22.674 Executing VM operation: HandshakeAllThreads (Deoptimize) done
Event: 23.679 Executing VM operation: Cleanup
Event: 23.679 Executing VM operation: Cleanup done
Event: 24.693 Executing VM operation: Cleanup
Event: 24.693 Executing VM operation: Cleanup done
Event: 25.092 Executing VM operation: HandshakeAllThreads (Deoptimize)
Event: 25.092 Executing VM operation: HandshakeAllThreads (Deoptimize) done
Event: 26.105 Executing VM operation: Cleanup
Event: 26.105 Executing VM operation: Cleanup done
Event: 33.150 Executing VM operation: Cleanup

Memory protections (0 events):
No events

Nmethod flushes (0 events):
No events

Events (20 events):
Event: 0.060 Thread 0x00000238c7b1dd10 Thread added: 0x00000238c7a96e10
Event: 0.062 Thread 0x00000238c7b1dd10 Thread added: 0x00000238e4008120
Event: 0.196 Thread 0x00000238c7b1dd10 Thread added: 0x00000238e422f5b0
Event: 0.425 Thread 0x00000238e4008120 Thread added: 0x00000238e4260140
Event: 0.668 Thread 0x00000238c7b1dd10 Thread added: 0x00000238e430b4d0
Event: 1.075 Thread 0x00000238e4008120 Thread added: 0x00000238e4382980
Event: 1.348 Thread 0x00000238e4382980 Thread exited: 0x00000238e4382980
Event: 1.387 Thread 0x00000238e4260140 Thread exited: 0x00000238e4260140
Event: 1.600 Thread 0x00000238e4008120 Thread added: 0x00000238e42fb780
Event: 1.952 Thread 0x00000238e42fb780 Thread exited: 0x00000238e42fb780
Event: 2.005 Thread 0x00000238e4008120 Thread added: 0x00000238e448ff60
Event: 2.152 Thread 0x00000238e4008120 Thread added: 0x00000238e4966910
Event: 2.605 Thread 0x00000238c7b1dd10 Thread added: 0x00000238e4b66150
Event: 3.017 Thread 0x00000238e4966910 Thread exited: 0x00000238e4966910
Event: 3.017 Thread 0x00000238e448ff60 Thread exited: 0x00000238e448ff60
Event: 21.167 Thread 0x00000238c7b1dd10 Thread added: 0x00000238e43109c0
Event: 21.350 Thread 0x00000238e43109c0 Thread added: 0x00000238e454ccf0
Event: 22.166 Thread 0x00000238c7b1dd10 Thread added: 0x00000238e4ba4a00
Event: 25.105 Thread 0x00000238c7a96e10 Thread added: 0x00000238e4b99540
Event: 25.223 Thread 0x00000238e4b99540 Thread exited: 0x00000238e4b99540


Dynamic libraries:
0x00007ff7e57a0000 - 0x00007ff7e57ae000 	c:\Users\Juan\.vscode\extensions\redhat.java-1.50.0-win32-x64\jre\21.0.9-win32-x86_64\bin\java.exe
0x00007fff135c0000 - 0x00007fff13827000 	C:\WINDOWS\SYSTEM32\ntdll.dll
0x00007fff12730000 - 0x00007fff127f9000 	C:\WINDOWS\System32\KERNEL32.DLL
0x00007fff10eb0000 - 0x00007fff1129f000 	C:\WINDOWS\System32\KERNELBASE.dll
0x00007fff10710000 - 0x00007fff1085b000 	C:\WINDOWS\System32\ucrtbase.dll
0x00007ffedb0f0000 - 0x00007ffedb10e000 	c:\Users\Juan\.vscode\extensions\redhat.java-1.50.0-win32-x64\jre\21.0.9-win32-x86_64\bin\VCRUNTIME140.dll
0x00007ffedb4b0000 - 0x00007ffedb4c8000 	c:\Users\Juan\.vscode\extensions\redhat.java-1.50.0-win32-x64\jre\21.0.9-win32-x86_64\bin\jli.dll
0x00007fff12ec0000 - 0x00007fff13085000 	C:\WINDOWS\System32\USER32.dll
0x00007ffef2640000 - 0x00007ffef28d3000 	C:\WINDOWS\WinSxS\amd64_microsoft.windows.common-controls_6595b64144ccf1df_6.0.26100.7309_none_3e05feeae336a044\COMCTL32.dll
0x00007fff10e80000 - 0x00007fff10ea7000 	C:\WINDOWS\System32\win32u.dll
0x00007fff13550000 - 0x00007fff1357b000 	C:\WINDOWS\System32\GDI32.dll
0x00007fff12980000 - 0x00007fff12a29000 	C:\WINDOWS\System32\msvcrt.dll
0x00007fff10d50000 - 0x00007fff10e7c000 	C:\WINDOWS\System32\gdi32full.dll
0x00007fff10a70000 - 0x00007fff10b13000 	C:\WINDOWS\System32\msvcp_win.dll
0x00007fff11410000 - 0x00007fff11441000 	C:\WINDOWS\System32\IMM32.DLL
0x00007ffee39b0000 - 0x00007ffee39bc000 	c:\Users\Juan\.vscode\extensions\redhat.java-1.50.0-win32-x64\jre\21.0.9-win32-x86_64\bin\vcruntime140_1.dll
0x00007ffe665c0000 - 0x00007ffe6664d000 	c:\Users\Juan\.vscode\extensions\redhat.java-1.50.0-win32-x64\jre\21.0.9-win32-x86_64\bin\msvcp140.dll
0x00007ffe5be70000 - 0x00007ffe5cc10000 	c:\Users\Juan\.vscode\extensions\redhat.java-1.50.0-win32-x64\jre\21.0.9-win32-x86_64\bin\server\jvm.dll
0x00007fff13220000 - 0x00007fff132d4000 	C:\WINDOWS\System32\ADVAPI32.dll
0x00007fff12800000 - 0x00007fff128a6000 	C:\WINDOWS\System32\sechost.dll
0x00007fff132f0000 - 0x00007fff13408000 	C:\WINDOWS\System32\RPCRT4.dll
0x00007fff11390000 - 0x00007fff11404000 	C:\WINDOWS\System32\WS2_32.dll
0x00007fff10570000 - 0x00007fff105ce000 	C:\WINDOWS\SYSTEM32\POWRPROF.dll
0x00007ffef9f60000 - 0x00007ffef9f95000 	C:\WINDOWS\SYSTEM32\WINMM.dll
0x00007fff09a20000 - 0x00007fff09a2b000 	C:\WINDOWS\SYSTEM32\VERSION.dll
0x00007fff10550000 - 0x00007fff10564000 	C:\WINDOWS\SYSTEM32\UMPDC.dll
0x00007fff0f490000 - 0x00007fff0f4ab000 	C:\WINDOWS\SYSTEM32\kernel.appcore.dll
0x00007ffeda150000 - 0x00007ffeda15a000 	c:\Users\Juan\.vscode\extensions\redhat.java-1.50.0-win32-x64\jre\21.0.9-win32-x86_64\bin\jimage.dll
0x00007fff0de10000 - 0x00007fff0e052000 	C:\WINDOWS\SYSTEM32\DBGHELP.DLL
0x00007fff11450000 - 0x00007fff117d5000 	C:\WINDOWS\System32\combase.dll
0x00007fff12650000 - 0x00007fff12726000 	C:\WINDOWS\System32\OLEAUT32.dll
0x00007ffeed780000 - 0x00007ffeed7bc000 	C:\WINDOWS\SYSTEM32\dbgcore.DLL
0x00007fff112b0000 - 0x00007fff11355000 	C:\WINDOWS\System32\bcryptPrimitives.dll
0x00007ffed9fc0000 - 0x00007ffed9fcf000 	c:\Users\Juan\.vscode\extensions\redhat.java-1.50.0-win32-x64\jre\21.0.9-win32-x86_64\bin\instrument.dll
0x00007ffecea10000 - 0x00007ffecea30000 	c:\Users\Juan\.vscode\extensions\redhat.java-1.50.0-win32-x64\jre\21.0.9-win32-x86_64\bin\java.dll
0x00007fff11df0000 - 0x00007fff12543000 	C:\WINDOWS\System32\SHELL32.dll
0x00007fff10b20000 - 0x00007fff10c8a000 	C:\WINDOWS\System32\wintypes.dll
0x00007fff0e2f0000 - 0x00007fff0eb4e000 	C:\WINDOWS\SYSTEM32\windows.storage.dll
0x00007fff12550000 - 0x00007fff12645000 	C:\WINDOWS\System32\SHCORE.dll
0x00007fff134e0000 - 0x00007fff13546000 	C:\WINDOWS\System32\shlwapi.dll
0x00007fff10630000 - 0x00007fff10659000 	C:\WINDOWS\SYSTEM32\profapi.dll
0x00007ffec32e0000 - 0x00007ffec32f8000 	c:\Users\Juan\.vscode\extensions\redhat.java-1.50.0-win32-x64\jre\21.0.9-win32-x86_64\bin\zip.dll
0x00007ffed4470000 - 0x00007ffed4480000 	C:\Users\Juan\.vscode\extensions\redhat.java-1.50.0-win32-x64\jre\21.0.9-win32-x86_64\bin\net.dll
0x00007fff080b0000 - 0x00007fff081d8000 	C:\WINDOWS\SYSTEM32\WINHTTP.dll
0x00007fff0fa30000 - 0x00007fff0fa9b000 	C:\WINDOWS\system32\mswsock.dll
0x00007ffe8b7f0000 - 0x00007ffe8b806000 	C:\Users\Juan\.vscode\extensions\redhat.java-1.50.0-win32-x64\jre\21.0.9-win32-x86_64\bin\nio.dll
0x00007ffece3b0000 - 0x00007ffece3c0000 	c:\Users\Juan\.vscode\extensions\redhat.java-1.50.0-win32-x64\jre\21.0.9-win32-x86_64\bin\verify.dll
0x00007ffe6bf00000 - 0x00007ffe6bf44000 	C:\Users\Juan\AppData\Roaming\Code\User\globalStorage\redhat.java\1.50.0\config_win\org.eclipse.equinox.launcher\org.eclipse.equinox.launcher.win32.win32.x86_64_1.2.1400.v20250801-0854\eclipse_11916.dll
0x00007fff11a20000 - 0x00007fff11bb7000 	C:\WINDOWS\System32\ole32.dll

JVMTI agents:
c:\Users\Juan\.vscode\extensions\redhat.java-1.50.0-win32-x64\lombok\lombok-1.18.39-4050.jar path:c:\Users\Juan\.vscode\extensions\redhat.java-1.50.0-win32-x64\jre\21.0.9-win32-x86_64\bin\instrument.dll, loaded, initialized, instrumentlib options:none

dbghelp: loaded successfully - version: 4.0.5 - missing functions: none
symbol engine: initialized successfully - sym options: 0x614 - pdb path: .;c:\Users\Juan\.vscode\extensions\redhat.java-1.50.0-win32-x64\jre\21.0.9-win32-x86_64\bin;C:\WINDOWS\SYSTEM32;C:\WINDOWS\WinSxS\amd64_microsoft.windows.common-controls_6595b64144ccf1df_6.0.26100.7309_none_3e05feeae336a044;c:\Users\Juan\.vscode\extensions\redhat.java-1.50.0-win32-x64\jre\21.0.9-win32-x86_64\bin\server;C:\Users\Juan\AppData\Roaming\Code\User\globalStorage\redhat.java\1.50.0\config_win\org.eclipse.equinox.launcher\org.eclipse.equinox.launcher.win32.win32.x86_64_1.2.1400.v20250801-0854

VM Arguments:
jvm_args: --add-modules=ALL-SYSTEM --add-opens=java.base/java.util=ALL-UNNAMED --add-opens=java.base/java.lang=ALL-UNNAMED --add-opens=java.base/sun.nio.fs=ALL-UNNAMED -Declipse.application=org.eclipse.jdt.ls.core.id1 -Dosgi.bundles.defaultStartLevel=4 -Declipse.product=org.eclipse.jdt.ls.core.product -Djava.import.generatesMetadataFilesAtProjectRoot=false -DDetectVMInstallationsJob.disabled=true -Dfile.encoding=utf8 -XX:+UseParallelGC -XX:GCTimeRatio=4 -XX:AdaptiveSizePolicyWeight=90 -Dsun.zip.disableMemoryMapping=true -Xmx2G -Xms100m -Xlog:disable -javaagent:c:\Users\Juan\.vscode\extensions\redhat.java-1.50.0-win32-x64\lombok\lombok-1.18.39-4050.jar -XX:+HeapDumpOnOutOfMemoryError -XX:HeapDumpPath=c:\Users\Juan\AppData\Roaming\Code\User\workspaceStorage\6a1a4c3ce460ec6c05d99383db64977c\redhat.java -Daether.dependencyCollector.impl=bf 
java_command: c:\Users\Juan\.vscode\extensions\redhat.java-1.50.0-win32-x64\server\plugins\org.eclipse.equinox.launcher_1.7.100.v20251111-0406.jar -configuration c:\Users\Juan\AppData\Roaming\Code\User\globalStorage\redhat.java\1.50.0\config_win -data c:\Users\Juan\AppData\Roaming\Code\User\workspaceStorage\6a1a4c3ce460ec6c05d99383db64977c\redhat.java\jdt_ws --pipe=\\.\pipe\lsp-d9a6ab76845ec6778071b6e657aab4aa-sock
java_class_path (initial): c:\Users\Juan\.vscode\extensions\redhat.java-1.50.0-win32-x64\server\plugins\org.eclipse.equinox.launcher_1.7.100.v20251111-0406.jar
Launcher Type: SUN_STANDARD

[Global flags]
    uintx AdaptiveSizePolicyWeight                 = 90                                        {product} {command line}
     intx CICompilerCount                          = 4                                         {product} {ergonomic}
    uintx GCTimeRatio                              = 4                                         {product} {command line}
     bool HeapDumpOnOutOfMemoryError               = true                                   {manageable} {command line}
    ccstr HeapDumpPath                             = c:\Users\Juan\AppData\Roaming\Code\User\workspaceStorage\6a1a4c3ce460ec6c05d99383db64977c\redhat.java         {manageable} {command line}
   size_t InitialHeapSize                          = 104857600                                 {product} {command line}
   size_t MaxHeapSize                              = 2147483648                                {product} {command line}
   size_t MaxNewSize                               = 715653120                                 {product} {ergonomic}
   size_t MinHeapDeltaBytes                        = 524288                                    {product} {ergonomic}
   size_t MinHeapSize                              = 104857600                                 {product} {command line}
   size_t NewSize                                  = 34603008                                  {product} {ergonomic}
    uintx NonNMethodCodeHeapSize                   = 5839372                                {pd product} {ergonomic}
    uintx NonProfiledCodeHeapSize                  = 122909434                              {pd product} {ergonomic}
   size_t OldSize                                  = 70254592                                  {product} {ergonomic}
    uintx ProfiledCodeHeapSize                     = 122909434                              {pd product} {ergonomic}
    uintx ReservedCodeCacheSize                    = 251658240                              {pd product} {ergonomic}
     bool SegmentedCodeCache                       = true                                      {product} {ergonomic}
   size_t SoftMaxHeapSize                          = 2147483648                             {manageable} {ergonomic}
     bool UseCompressedOops                        = true                           {product lp64_product} {ergonomic}
     bool UseLargePagesIndividualAllocation        = false                                  {pd product} {ergonomic}
     bool UseParallelGC                            = true                                      {product} {command line}

Logging:
Log output configuration:
 #0: stdout all=off uptime,level,tags foldmultilines=false
 #1: stderr all=off uptime,level,tags foldmultilines=false

Release file:
JAVA_VERSION="21.0.9" 
MODULES="java.base java.compiler java.datatransfer java.xml java.prefs java.desktop java.instrument java.logging java.management java.security.sasl java.naming java.rmi java.management.rmi java.net.http java.scripting java.security.jgss java.transaction.xa java.sql java.sql.rowset java.xml.crypto java.se java.smartcardio jdk.accessibility jdk.internal.jvmstat jdk.attach jdk.charsets jdk.internal.opt jdk.zipfs jdk.compiler jdk.crypto.ec jdk.crypto.cryptoki jdk.crypto.mscapi jdk.dynalink jdk.internal.ed jdk.editpad jdk.hotspot.agent jdk.httpserver jdk.internal.le jdk.internal.vm.ci jdk.internal.vm.compiler jdk.internal.vm.compiler.management jdk.jartool jdk.javadoc jdk.jcmd jdk.management jdk.management.agent jdk.jconsole jdk.jdeps jdk.jdwp.agent jdk.jdi jdk.jfr jdk.jshell jdk.jsobject jdk.jstatd jdk.localedata jdk.management.jfr jdk.naming.dns jdk.naming.rmi jdk.net jdk.nio.mapmode jdk.random jdk.sctp jdk.security.auth jdk.security.jgss jdk.unsupported jdk.unsupported.desktop jdk.xml.dom" 

Environment Variables:
PATH=C:\Program Files\Java\jdk-21\bin;C:\Program Files\Common Files\Oracle\Java\javapath;C:\Program Files (x86)\Common Files\Oracle\Java\java8path;C:\Program Files (x86)\Common Files\Oracle\Java\javapath;C:\WINDOWS\system32;C:\WINDOWS;C:\WINDOWS\System32\Wbem;C:\WINDOWS\System32\WindowsPowerShell\v1.0\;C:\WINDOWS\System32\OpenSSH\;C:\Program Files (x86)\NVIDIA Corporation\PhysX\Common;C:\Program Files\NVIDIA Corporation\NVIDIA NvDLISR;C:\Program Files (x86)\Microsoft SQL Server\160\DTS\Binn\;C:\Program Files\Microsoft SQL Server\Client SDK\ODBC\170\Tools\Binn\;C:\Program Files (x86)\Microsoft SQL Server\150\Tools\Binn\;C:\Program Files\Microsoft SQL Server\150\Tools\Binn\;C:\Program Files\Microsoft SQL Server\150\DTS\Binn\;C:\Program Files\nodejs\;C:\Program Files\WiX Toolset v6.0\bin;C:\Program Files\Git\cmd;C:\Users\Juan\AppData\Local\Microsoft\WindowsApps;C:\Users\Juan\AppData\Local\Programs\Microsoft VS Code\bin;C:\Users\Juan\AppData\Roaming\npm;C:\Program Files\PostgreSQL\15\bin;
USERNAME=Juan
OS=Windows_NT
PROCESSOR_IDENTIFIER=Intel64 Family 6 Model 126 Stepping 5, GenuineIntel
TMP=C:\Users\Juan\AppData\Local\Temp
TEMP=C:\Users\Juan\AppData\Local\Temp




Periodic native trim disabled

---------------  S Y S T E M  ---------------

OS:
 Windows 11 , 64 bit Build 26100 (10.0.26100.7309)
OS uptime: 0 days 6:54 hours
Hyper-V role detected

CPU: total 8 (initial active 8) (4 cores per cpu, 2 threads per core) family 6 model 126 stepping 5 microcode 0xbc, cx8, cmov, fxsr, ht, mmx, 3dnowpref, sse, sse2, sse3, ssse3, sse4.1, sse4.2, popcnt, lzcnt, tsc, tscinvbit, avx, avx2, aes, erms, clmul, bmi1, bmi2, adx, avx512f, avx512dq, avx512cd, avx512bw, avx512vl, sha, fma, vzeroupper, avx512_vpopcntdq, avx512_vpclmulqdq, avx512_vaes, avx512_vnni, clflush, clflushopt, avx512_vbmi2, avx512_vbmi, hv, rdtscp, rdpid, fsrm, gfni, avx512_bitalg, f16c, avx512_ifma
Processor Information for the first 8 processors :
  Max Mhz: 1190, Current Mhz: 991, Mhz Limit: 987

Memory: 4k page, system-wide physical 16165M (3472M free)
TotalPageFile size 19081M (AvailPageFile size 191M)
current process WorkingSet (physical memory assigned to process): 98M, peak: 100M
current process commit charge ("private bytes"): 243M, peak: 244M

vm_info: OpenJDK 64-Bit Server VM (21.0.9+10-LTS) for windows-amd64 JRE (21.0.9+10-LTS), built on 2025-10-21T00:00:00Z by "admin" with unknown MS VC++:1942

END.
